  [4;36;1mSQL (0.2ms)[0m   [0;1mSET NAMES 'utf8'[0m
  [4;35;1mSQL (0.1ms)[0m   [0mSET SQL_AUTO_IS_NULL=0[0m
  [4;36;1mSQL (0.4ms)[0m   [0;1mSHOW TABLES[0m
  [4;35;1mSQL (303.7ms)[0m   [0mCREATE TABLE `schema_migrations` (`version` varchar(255) NOT NULL) ENGINE=InnoDB[0m
  [4;36;1mSQL (188.9ms)[0m   [0;1mCREATE UNIQUE INDEX `unique_schema_migrations` ON `schema_migrations` (`version`)[0m
  [4;35;1mSQL (0.5ms)[0m   [0mSHOW TABLES[0m
  [4;36;1mSQL (0.5ms)[0m   [0;1mSELECT version FROM schema_migrations[0m
Migrating to CreateUsers (20100123205928)
  [4;35;1mSQL (11.0ms)[0m   [0mCREATE TABLE `users` (`id` int(11) DEFAULT NULL auto_increment PRIMARY KEY, `username` varchar(255), `email` varchar(255), `crypted_password` varchar(255), `password_salt` varchar(255), `persistence_token` varchar(255), `created_at` datetime, `updated_at` datetime) ENGINE=InnoDB[0m
  [4;36;1mSQL (44.4ms)[0m   [0;1mINSERT INTO schema_migrations (version) VALUES ('20100123205928')[0m
  [4;35;1mSQL (0.5ms)[0m   [0mSHOW TABLES[0m
  [4;36;1mSQL (0.3ms)[0m   [0;1mSELECT version FROM schema_migrations[0m
  [4;35;1mSQL (0.3ms)[0m   [0mSHOW TABLES[0m
  [4;36;1mSQL (1.6ms)[0m   [0;1mSHOW FIELDS FROM `users`[0m
  [4;35;1mSQL (1.4ms)[0m   [0mdescribe `users`[0m
  [4;36;1mSQL (1.6ms)[0m   [0;1mSHOW KEYS FROM `users`[0m
  [4;36;1mSQL (0.2ms)[0m   [0;1mSET NAMES 'utf8'[0m
  [4;35;1mSQL (0.1ms)[0m   [0mSET SQL_AUTO_IS_NULL=0[0m


Processing UsersController#new (for 127.0.0.1 at 2010-01-23 14:17:12) [GET]
  [4;36;1mUser Columns (1.5ms)[0m   [0;1mSHOW FIELDS FROM `users`[0m
Rendering users/new

ActionView::TemplateError (undefined method `title' for #<ActionView::Base:0xb6fa4fb8>) on line #1 of app/views/users/new.html.erb:
1: <% title "New User" %>
2: 
3: <%= render :partial => 'form' %>

    app/views/users/new.html.erb:1

Rendered rescues/_trace (104.9ms)
Rendered rescues/_request_and_response (3.2ms)
Rendering rescues/layout (internal_server_error)
  [4;35;1mSQL (1.9ms)[0m   [0mSET NAMES 'utf8'[0m
  [4;36;1mSQL (0.4ms)[0m   [0;1mSET SQL_AUTO_IS_NULL=0[0m


Processing UsersController#new (for 127.0.0.1 at 2010-01-23 14:19:55) [GET]
  [4;35;1mUser Columns (1.6ms)[0m   [0mSHOW FIELDS FROM `users`[0m
Rendering users/new

ActionView::TemplateError (undefined method `password' for #<User:0xb6e63a3c>) on line #13 of app/views/users/_form.html.erb:
10:   </p>
11:   <p>
12:     <%= f.label :password %><br />
13:     <%= f.text_field :password %>
14:   </p>
15:   <p><%= f.submit "Submit" %></p>
16: <% end %>

    app/views/users/_form.html.erb:13
    app/views/users/_form.html.erb:1
    app/views/users/new.html.erb:3

Rendered rescues/_trace (142.9ms)
Rendered rescues/_request_and_response (0.6ms)
Rendering rescues/layout (internal_server_error)
  [4;36;1mSQL (0.2ms)[0m   [0;1mSET NAMES 'utf8'[0m
  [4;35;1mSQL (0.1ms)[0m   [0mSET SQL_AUTO_IS_NULL=0[0m


Processing UsersController#new (for 127.0.0.1 at 2010-01-23 14:23:23) [GET]
  [4;36;1mUser Columns (2.0ms)[0m   [0;1mSHOW FIELDS FROM `users`[0m
Rendering users/new
Rendered users/_form (10.7ms)
Completed in 27ms (View: 13, DB: 2) | 200 OK [http://localhost/users/new]
  [4;35;1mSQL (0.1ms)[0m   [0mSET NAMES 'utf8'[0m
  [4;36;1mSQL (0.1ms)[0m   [0;1mSET SQL_AUTO_IS_NULL=0[0m


Processing UsersController#create (for 127.0.0.1 at 2010-01-23 14:23:40) [POST]
  Parameters: {"commit"=>"Submit", "authenticity_token"=>"hqKwSmLGEpg0fFl9JJ+O1ONG74ovHFMVc5W0cXOucWE=", "user"=>{"username"=>"bryce", "password"=>"helo", "email"=>"blj@sldfje.e.e."}}
  [4;35;1mUser Columns (1.8ms)[0m   [0mSHOW FIELDS FROM `users`[0m
  [4;36;1mSQL (0.1ms)[0m   [0;1mBEGIN[0m
  [4;35;1mUser Create (23.5ms)[0m   [0mINSERT INTO `users` (`created_at`, `crypted_password`, `updated_at`, `username`, `password_salt`, `persistence_token`, `email`) VALUES('2010-01-23 21:23:40', NULL, '2010-01-23 21:23:40', 'bryce', NULL, NULL, 'blj@sldfje.e.e.')[0m
  [4;36;1mSQL (10.4ms)[0m   [0;1mCOMMIT[0m

NameError (undefined local variable or method `root_url' for #<UsersController:0xb6eef0b4>):
  app/controllers/users_controller.rb:10:in `create'

Rendered rescues/_trace (90.0ms)
Rendered rescues/_request_and_response (1.2ms)
Rendering rescues/layout (internal_server_error)
  [4;35;1mSQL (0.1ms)[0m   [0mSET NAMES 'utf8'[0m
  [4;36;1mSQL (0.1ms)[0m   [0;1mSET SQL_AUTO_IS_NULL=0[0m


Processing UsersController#create (for 127.0.0.1 at 2010-01-23 14:25:25) [POST]
  Parameters: {"commit"=>"Submit", "authenticity_token"=>"hqKwSmLGEpg0fFl9JJ+O1ONG74ovHFMVc5W0cXOucWE=", "user"=>{"username"=>"bryce", "password"=>"helo", "email"=>"blj@sldfje.e.e."}}
  [4;35;1mUser Columns (1.6ms)[0m   [0mSHOW FIELDS FROM `users`[0m
  [4;36;1mSQL (0.1ms)[0m   [0;1mBEGIN[0m
  [4;35;1mUser Create (0.5ms)[0m   [0mINSERT INTO `users` (`created_at`, `crypted_password`, `updated_at`, `username`, `password_salt`, `persistence_token`, `email`) VALUES('2010-01-23 21:25:25', NULL, '2010-01-23 21:25:25', 'bryce', NULL, NULL, 'blj@sldfje.e.e.')[0m
  [4;36;1mSQL (1.6ms)[0m   [0;1mCOMMIT[0m
Redirected to http://localhost:3000/
Completed in 26ms (DB: 4) | 302 Found [http://localhost/users]
  [4;35;1mSQL (11.8ms)[0m   [0mSET NAMES 'utf8'[0m
  [4;36;1mSQL (0.2ms)[0m   [0;1mSET SQL_AUTO_IS_NULL=0[0m


Processing UsersController#new (for 127.0.0.1 at 2010-01-23 14:27:36) [GET]
  [4;35;1mUser Columns (1.6ms)[0m   [0mSHOW FIELDS FROM `users`[0m
Rendering users/new
Rendered users/_form (10.9ms)
Completed in 27ms (View: 13, DB: 14) | 200 OK [http://localhost/users/new]
  [4;36;1mSQL (0.1ms)[0m   [0;1mSET NAMES 'utf8'[0m
  [4;35;1mSQL (0.1ms)[0m   [0mSET SQL_AUTO_IS_NULL=0[0m


Processing UsersController#new (for 127.0.0.1 at 2010-01-23 14:29:39) [GET]
  [4;36;1mUser Columns (1.7ms)[0m   [0;1mSHOW FIELDS FROM `users`[0m
Rendering users/new
Rendered users/_form (13.8ms)
Completed in 47ms (View: 24, DB: 2) | 200 OK [http://localhost/users/new]
  [4;35;1mSQL (0.1ms)[0m   [0mSET NAMES 'utf8'[0m
  [4;36;1mSQL (0.1ms)[0m   [0;1mSET SQL_AUTO_IS_NULL=0[0m


Processing UsersController#create (for 127.0.0.1 at 2010-01-23 14:29:46) [POST]
  Parameters: {"commit"=>"Submit", "authenticity_token"=>"hqKwSmLGEpg0fFl9JJ+O1ONG74ovHFMVc5W0cXOucWE=", "user"=>{"username"=>"bryce", "password"=>"12345", "email"=>"hello@goodbye.com"}}
  [4;35;1mUser Columns (2.1ms)[0m   [0mSHOW FIELDS FROM `users`[0m
  [4;36;1mSQL (0.2ms)[0m   [0;1mBEGIN[0m
  [4;35;1mUser Load (66.9ms)[0m   [0mSELECT `users`.id FROM `users` WHERE (LOWER(`users`.`email`) = BINARY 'hello@goodbye.com') LIMIT 1[0m
  [4;36;1mUser Load (0.5ms)[0m   [0;1mSELECT `users`.id FROM `users` WHERE (LOWER(`users`.`username`) = BINARY 'bryce') LIMIT 1[0m
  [4;35;1mUser Load (0.4ms)[0m   [0mSELECT `users`.id FROM `users` WHERE (`users`.`persistence_token` = BINARY '7921bfc74691a5085799067cd66c6443644eb39f2ff65834aa168d39e3e2c7288ca3c968934e4fcc4b2c5a387532409f7e12121294e21d667f54ffe9ffa2733f') LIMIT 1[0m
  [4;36;1mSQL (0.1ms)[0m   [0;1mROLLBACK[0m
Rendering users/new
Rendered users/_form (20.8ms)
Completed in 426ms (View: 23, DB: 70) | 200 OK [http://localhost/users]
  [4;35;1mSQL (0.1ms)[0m   [0mSET NAMES 'utf8'[0m
  [4;36;1mSQL (0.1ms)[0m   [0;1mSET SQL_AUTO_IS_NULL=0[0m


Processing UsersController#create (for 127.0.0.1 at 2010-01-23 14:30:18) [POST]
  Parameters: {"commit"=>"Submit", "authenticity_token"=>"hqKwSmLGEpg0fFl9JJ+O1ONG74ovHFMVc5W0cXOucWE=", "user"=>{"username"=>"bryce", "password"=>"12345", "email"=>"hello@goodbye.com"}}
  [4;35;1mUser Columns (1.7ms)[0m   [0mSHOW FIELDS FROM `users`[0m
  [4;36;1mSQL (0.2ms)[0m   [0;1mBEGIN[0m
  [4;35;1mUser Load (0.3ms)[0m   [0mSELECT `users`.id FROM `users` WHERE (LOWER(`users`.`email`) = BINARY 'hello@goodbye.com') LIMIT 1[0m
  [4;36;1mUser Load (0.2ms)[0m   [0;1mSELECT `users`.id FROM `users` WHERE (LOWER(`users`.`username`) = BINARY 'bryce') LIMIT 1[0m
  [4;35;1mUser Load (0.5ms)[0m   [0mSELECT `users`.id FROM `users` WHERE (`users`.`persistence_token` = BINARY '23108cc7491f71b2d20c7825c70dbb720e195f7c83273c8d2e43a70caf191308daa2320bc2fe96f91cdd5996c6e383f6374ef3cc45693102d03056e59b0d2023') LIMIT 1[0m
  [4;36;1mSQL (0.2ms)[0m   [0;1mROLLBACK[0m
Rendering users/new
Rendered users/_form (25.6ms)
Completed in 76ms (View: 36, DB: 3) | 200 OK [http://localhost/users]
  [4;35;1mSQL (0.2ms)[0m   [0mSET NAMES 'utf8'[0m
  [4;36;1mSQL (0.4ms)[0m   [0;1mSET SQL_AUTO_IS_NULL=0[0m


Processing UsersController#create (for 127.0.0.1 at 2010-01-23 14:30:25) [POST]
  Parameters: {"commit"=>"Submit", "authenticity_token"=>"hqKwSmLGEpg0fFl9JJ+O1ONG74ovHFMVc5W0cXOucWE=", "user"=>{"password_confirmation"=>"12345", "username"=>"bryce", "password"=>"12345", "email"=>"hello@goodbye.com"}}
  [4;35;1mUser Columns (1.7ms)[0m   [0mSHOW FIELDS FROM `users`[0m
WARNING: Can't mass-assign these protected attributes: password_confirmation
  [4;36;1mSQL (0.1ms)[0m   [0;1mBEGIN[0m
  [4;35;1mUser Load (0.2ms)[0m   [0mSELECT `users`.id FROM `users` WHERE (LOWER(`users`.`email`) = BINARY 'hello@goodbye.com') LIMIT 1[0m
  [4;36;1mUser Load (0.1ms)[0m   [0;1mSELECT `users`.id FROM `users` WHERE (LOWER(`users`.`username`) = BINARY 'bryce') LIMIT 1[0m
  [4;35;1mUser Load (0.4ms)[0m   [0mSELECT `users`.id FROM `users` WHERE (`users`.`persistence_token` = BINARY 'fcf91237547ff733e6d51b33c317861decde96630c97e64ad3c699706204ac5647de0346732db278d314e1e09489effaf6a1ec97d1e0fea6f0e5057a478281d1') LIMIT 1[0m
  [4;36;1mSQL (0.1ms)[0m   [0;1mROLLBACK[0m
Rendering users/new
Rendered users/_form (20.9ms)
Completed in 60ms (View: 23, DB: 3) | 200 OK [http://localhost/users]
  [4;35;1mSQL (0.3ms)[0m   [0mSET NAMES 'utf8'[0m
  [4;36;1mSQL (0.1ms)[0m   [0;1mSET SQL_AUTO_IS_NULL=0[0m


Processing UsersController#create (for 127.0.0.1 at 2010-01-23 14:30:41) [POST]
  Parameters: {"commit"=>"Submit", "authenticity_token"=>"hqKwSmLGEpg0fFl9JJ+O1ONG74ovHFMVc5W0cXOucWE=", "user"=>{"password_confirmation"=>"12345", "username"=>"bryce", "password"=>"12345", "email"=>"hello@goodbye.com"}}
  [4;35;1mUser Columns (1.6ms)[0m   [0mSHOW FIELDS FROM `users`[0m
WARNING: Can't mass-assign these protected attributes: password_confirmation
  [4;36;1mSQL (0.1ms)[0m   [0;1mBEGIN[0m
  [4;35;1mUser Load (0.3ms)[0m   [0mSELECT `users`.id FROM `users` WHERE (LOWER(`users`.`email`) = BINARY 'hello@goodbye.com') LIMIT 1[0m
  [4;36;1mUser Load (0.2ms)[0m   [0;1mSELECT `users`.id FROM `users` WHERE (LOWER(`users`.`username`) = BINARY 'bryce') LIMIT 1[0m
  [4;35;1mUser Load (0.4ms)[0m   [0mSELECT `users`.id FROM `users` WHERE (`users`.`persistence_token` = BINARY 'e717e57686d9c1694724397b9649dfb67778c63b9ba43c0b4707a613702882790b1e766a04c0bfdd141b63c8a4be3a3f2f4334f5c34aa814dbabc25e6791f6b1') LIMIT 1[0m
  [4;36;1mSQL (0.2ms)[0m   [0;1mROLLBACK[0m
Rendering users/new
Rendered users/_form (21.4ms)
Completed in 60ms (View: 23, DB: 3) | 200 OK [http://localhost/users]
  [4;35;1mSQL (0.1ms)[0m   [0mSET NAMES 'utf8'[0m
  [4;36;1mSQL (0.1ms)[0m   [0;1mSET SQL_AUTO_IS_NULL=0[0m


Processing UsersController#create (for 127.0.0.1 at 2010-01-23 14:30:47) [POST]
  Parameters: {"commit"=>"Submit", "authenticity_token"=>"hqKwSmLGEpg0fFl9JJ+O1ONG74ovHFMVc5W0cXOucWE=", "user"=>{"password_confirmation"=>"", "username"=>"bryce2", "password"=>"12345", "email"=>"hello@goodbye.com"}}
  [4;35;1mUser Columns (1.8ms)[0m   [0mSHOW FIELDS FROM `users`[0m
WARNING: Can't mass-assign these protected attributes: password_confirmation
  [4;36;1mSQL (0.2ms)[0m   [0;1mBEGIN[0m
  [4;35;1mUser Load (0.7ms)[0m   [0mSELECT `users`.id FROM `users` WHERE (LOWER(`users`.`email`) = BINARY 'hello@goodbye.com') LIMIT 1[0m
  [4;36;1mUser Load (0.5ms)[0m   [0;1mSELECT `users`.id FROM `users` WHERE (LOWER(`users`.`username`) = BINARY 'bryce2') LIMIT 1[0m
  [4;35;1mUser Load (0.3ms)[0m   [0mSELECT `users`.id FROM `users` WHERE (`users`.`persistence_token` = BINARY '5d2ac12ec55888dde2ca26e261303041590b8260c23b057cb4edf9b207d6526348cbc39f4db48882be417366559fc318d5e7fa0727fc4071e5bb3984e0802abb') LIMIT 1[0m
  [4;36;1mSQL (0.2ms)[0m   [0;1mROLLBACK[0m
Rendering users/new
Rendered users/_form (14.9ms)
Completed in 57ms (View: 17, DB: 4) | 200 OK [http://localhost/users]
  [4;35;1mSQL (0.8ms)[0m   [0mSET NAMES 'utf8'[0m
  [4;36;1mSQL (22.0ms)[0m   [0;1mSET SQL_AUTO_IS_NULL=0[0m


Processing UsersController#create (for 127.0.0.1 at 2010-01-23 14:31:03) [POST]
  Parameters: {"commit"=>"Submit", "authenticity_token"=>"hqKwSmLGEpg0fFl9JJ+O1ONG74ovHFMVc5W0cXOucWE=", "user"=>{"password_confirmation"=>"", "username"=>"bryce2", "password"=>"12345", "email"=>"hello@goodbye.com"}}
  [4;35;1mUser Columns (4.7ms)[0m   [0mSHOW FIELDS FROM `users`[0m
WARNING: Can't mass-assign these protected attributes: password_confirmation
  [4;36;1mSQL (0.1ms)[0m   [0;1mBEGIN[0m
  [4;35;1mUser Load (0.4ms)[0m   [0mSELECT `users`.id FROM `users` WHERE (LOWER(`users`.`email`) = BINARY 'hello@goodbye.com') LIMIT 1[0m
  [4;36;1mUser Load (0.2ms)[0m   [0;1mSELECT `users`.id FROM `users` WHERE (LOWER(`users`.`username`) = BINARY 'bryce2') LIMIT 1[0m
  [4;35;1mUser Load (0.4ms)[0m   [0mSELECT `users`.id FROM `users` WHERE (`users`.`persistence_token` = BINARY 'dc68a25ee56591af83d6bc9e3c154fd26a15cb6433a61540417afaae0f62b50d5507b3cdadc2e3c54236818de7df7c7ac9ca42a8cf1ed5646571136e6b47df54') LIMIT 1[0m
  [4;36;1mSQL (0.1ms)[0m   [0;1mROLLBACK[0m
Rendering users/new
Rendered users/_form (20.0ms)
Completed in 197ms (View: 156, DB: 29) | 200 OK [http://localhost/users]
  [4;35;1mSQL (0.2ms)[0m   [0mSET NAMES 'utf8'[0m
  [4;36;1mSQL (0.1ms)[0m   [0;1mSET SQL_AUTO_IS_NULL=0[0m


Processing UsersController#create (for 127.0.0.1 at 2010-01-23 14:31:08) [POST]
  Parameters: {"commit"=>"Submit", "authenticity_token"=>"hqKwSmLGEpg0fFl9JJ+O1ONG74ovHFMVc5W0cXOucWE=", "user"=>{"password_confirmation"=>"12345", "username"=>"bryce2", "password"=>"12345", "email"=>"hello@goodbye.com"}}
  [4;35;1mUser Columns (1.8ms)[0m   [0mSHOW FIELDS FROM `users`[0m
WARNING: Can't mass-assign these protected attributes: password_confirmation
  [4;36;1mSQL (0.1ms)[0m   [0;1mBEGIN[0m
  [4;35;1mUser Load (0.2ms)[0m   [0mSELECT `users`.id FROM `users` WHERE (LOWER(`users`.`email`) = BINARY 'hello@goodbye.com') LIMIT 1[0m
  [4;36;1mUser Load (0.1ms)[0m   [0;1mSELECT `users`.id FROM `users` WHERE (LOWER(`users`.`username`) = BINARY 'bryce2') LIMIT 1[0m
  [4;35;1mUser Load (0.5ms)[0m   [0mSELECT `users`.id FROM `users` WHERE (`users`.`persistence_token` = BINARY '8001a0347a79d99661d7fa7ef4fac0101000864c38f34b27041afbe384659d349c7a7e5b7299694d27fc8b594eff793900bef8e79ee8f99c6b14de12ec7dcd74') LIMIT 1[0m
  [4;36;1mSQL (0.2ms)[0m   [0;1mROLLBACK[0m
Rendering users/new
Rendered users/_form (18.1ms)
Completed in 60ms (View: 20, DB: 3) | 200 OK [http://localhost/users]
  [4;35;1mSQL (0.1ms)[0m   [0mSET NAMES 'utf8'[0m
  [4;36;1mSQL (0.1ms)[0m   [0;1mSET SQL_AUTO_IS_NULL=0[0m


Processing UsersController#create (for 127.0.0.1 at 2010-01-23 14:31:23) [POST]
  Parameters: {"commit"=>"Submit", "authenticity_token"=>"hqKwSmLGEpg0fFl9JJ+O1ONG74ovHFMVc5W0cXOucWE=", "user"=>{"password_confirmation"=>"12345", "username"=>"bryce2", "password"=>"12345", "email"=>"hello@goodbye.com"}}
  [4;35;1mUser Columns (1.8ms)[0m   [0mSHOW FIELDS FROM `users`[0m
WARNING: Can't mass-assign these protected attributes: password_confirmation
  [4;36;1mSQL (0.1ms)[0m   [0;1mBEGIN[0m
  [4;35;1mUser Load (0.2ms)[0m   [0mSELECT `users`.id FROM `users` WHERE (LOWER(`users`.`email`) = BINARY 'hello@goodbye.com') LIMIT 1[0m
  [4;36;1mUser Load (0.1ms)[0m   [0;1mSELECT `users`.id FROM `users` WHERE (LOWER(`users`.`username`) = BINARY 'bryce2') LIMIT 1[0m
  [4;35;1mUser Load (0.4ms)[0m   [0mSELECT `users`.id FROM `users` WHERE (`users`.`persistence_token` = BINARY '6057afe0dddcd04d28c11edc5e6ce8e405ad9ea49634e368952a0e0a1c23e2152c679bc849badf9fe763dddc3cce1b81400a9db83324c6d9803583d614243fe8') LIMIT 1[0m
  [4;36;1mSQL (0.2ms)[0m   [0;1mROLLBACK[0m
Rendering users/new
Rendered users/_form (17.1ms)
Completed in 58ms (View: 19, DB: 3) | 200 OK [http://localhost/users]
  [4;35;1mSQL (0.2ms)[0m   [0mSET NAMES 'utf8'[0m
  [4;36;1mSQL (0.1ms)[0m   [0;1mSET SQL_AUTO_IS_NULL=0[0m


Processing UsersController#create (for 127.0.0.1 at 2010-01-23 14:32:47) [POST]
  Parameters: {"commit"=>"Submit", "authenticity_token"=>"hqKwSmLGEpg0fFl9JJ+O1ONG74ovHFMVc5W0cXOucWE=", "user"=>{"password_confirmation"=>"12345", "username"=>"bryce2", "password"=>"12345", "email"=>"hello@goodbye.com"}}
  [4;35;1mUser Columns (1.6ms)[0m   [0mSHOW FIELDS FROM `users`[0m
  [4;36;1mSQL (0.2ms)[0m   [0;1mBEGIN[0m
  [4;35;1mUser Load (0.2ms)[0m   [0mSELECT `users`.id FROM `users` WHERE (LOWER(`users`.`email`) = BINARY 'hello@goodbye.com') LIMIT 1[0m
  [4;36;1mUser Load (0.1ms)[0m   [0;1mSELECT `users`.id FROM `users` WHERE (LOWER(`users`.`username`) = BINARY 'bryce2') LIMIT 1[0m
  [4;35;1mUser Load (0.5ms)[0m   [0mSELECT `users`.id FROM `users` WHERE (`users`.`persistence_token` = BINARY '026ee840824988906440e00174eed08f8ba8ab0375225f28594e1571bddf3211a6d78314587386467a5edba553497b31656cb0583e6f7138259d32302011e336') LIMIT 1[0m
  [4;36;1mUser Create (0.4ms)[0m   [0;1mINSERT INTO `users` (`created_at`, `crypted_password`, `updated_at`, `username`, `password_salt`, `persistence_token`, `email`) VALUES('2010-01-23 21:32:47', NULL, '2010-01-23 21:32:47', 'bryce2', NULL, '026ee840824988906440e00174eed08f8ba8ab0375225f28594e1571bddf3211a6d78314587386467a5edba553497b31656cb0583e6f7138259d32302011e336', 'hello@goodbye.com')[0m
  [4;35;1mSQL (4.0ms)[0m   [0mCOMMIT[0m

NameError (undefined local variable or method `root_url' for #<UsersController:0xb6f416c0>):
  app/controllers/users_controller.rb:10:in `create'

Rendered rescues/_trace (82.3ms)
Rendered rescues/_request_and_response (0.9ms)
Rendering rescues/layout (internal_server_error)
  [4;36;1mSQL (0.1ms)[0m   [0;1mSET NAMES 'utf8'[0m
  [4;35;1mSQL (0.1ms)[0m   [0mSET SQL_AUTO_IS_NULL=0[0m


Processing UsersController#new (for 127.0.0.1 at 2010-01-23 14:33:19) [GET]
  [4;36;1mUser Columns (1.7ms)[0m   [0;1mSHOW FIELDS FROM `users`[0m
Rendering users/new
Rendered users/_form (13.1ms)
Completed in 39ms (View: 15, DB: 2) | 200 OK [http://localhost/users/new]
  [4;35;1mSQL (0.1ms)[0m   [0mSET NAMES 'utf8'[0m
  [4;36;1mSQL (0.1ms)[0m   [0;1mSET SQL_AUTO_IS_NULL=0[0m


Processing UsersController#create (for 127.0.0.1 at 2010-01-23 14:33:43) [POST]
  Parameters: {"commit"=>"Submit", "authenticity_token"=>"hqKwSmLGEpg0fFl9JJ+O1ONG74ovHFMVc5W0cXOucWE=", "user"=>{"password_confirmation"=>"12345", "username"=>"bryce3", "password"=>"12345", "email"=>"hello@goodbye.com"}}
  [4;35;1mUser Columns (1.6ms)[0m   [0mSHOW FIELDS FROM `users`[0m
  [4;36;1mSQL (0.2ms)[0m   [0;1mBEGIN[0m
  [4;35;1mUser Load (0.5ms)[0m   [0mSELECT `users`.id FROM `users` WHERE (LOWER(`users`.`email`) = BINARY 'hello@goodbye.com') LIMIT 1[0m
  [4;36;1mUser Load (0.3ms)[0m   [0;1mSELECT `users`.id FROM `users` WHERE (LOWER(`users`.`username`) = BINARY 'bryce3') LIMIT 1[0m
  [4;35;1mUser Load (0.3ms)[0m   [0mSELECT `users`.id FROM `users` WHERE (`users`.`persistence_token` = BINARY '879b259a7c8a0768786070c776c6f4cb22e34a4284de1f7ac5f998550654edd118884a0c3f9927c0efd242722e817622a811796446e2f562c8c7f6cc872c3391') LIMIT 1[0m
  [4;36;1mSQL (0.1ms)[0m   [0;1mROLLBACK[0m
Rendering users/new
Rendered users/_form (17.3ms)
Completed in 192ms (View: 19, DB: 3) | 200 OK [http://localhost/users]
  [4;35;1mSQL (0.1ms)[0m   [0mSET NAMES 'utf8'[0m
  [4;36;1mSQL (0.1ms)[0m   [0;1mSET SQL_AUTO_IS_NULL=0[0m


Processing UsersController#create (for 127.0.0.1 at 2010-01-23 14:33:50) [POST]
  Parameters: {"commit"=>"Submit", "authenticity_token"=>"hqKwSmLGEpg0fFl9JJ+O1ONG74ovHFMVc5W0cXOucWE=", "user"=>{"password_confirmation"=>"12345", "username"=>"bryce3", "password"=>"12345", "email"=>"hello2@goodbye.com"}}
  [4;35;1mUser Columns (1.6ms)[0m   [0mSHOW FIELDS FROM `users`[0m
  [4;36;1mSQL (0.1ms)[0m   [0;1mBEGIN[0m
  [4;35;1mUser Load (0.5ms)[0m   [0mSELECT `users`.id FROM `users` WHERE (LOWER(`users`.`email`) = BINARY 'hello2@goodbye.com') LIMIT 1[0m
  [4;36;1mUser Load (0.1ms)[0m   [0;1mSELECT `users`.id FROM `users` WHERE (LOWER(`users`.`username`) = BINARY 'bryce3') LIMIT 1[0m
  [4;35;1mUser Load (0.3ms)[0m   [0mSELECT `users`.id FROM `users` WHERE (`users`.`persistence_token` = BINARY '88c8471850a353d0ab413fd11de8035f8a3279c250cec26e6900e23ef85abe522ff1d5de9517b9e3c8422007e2e9ec44ae023f9141a803bd19d189dd6f337f2b') LIMIT 1[0m
  [4;36;1mUser Create (0.4ms)[0m   [0;1mINSERT INTO `users` (`created_at`, `crypted_password`, `updated_at`, `username`, `password_salt`, `persistence_token`, `email`) VALUES('2010-01-23 21:33:50', NULL, '2010-01-23 21:33:50', 'bryce3', NULL, '88c8471850a353d0ab413fd11de8035f8a3279c250cec26e6900e23ef85abe522ff1d5de9517b9e3c8422007e2e9ec44ae023f9141a803bd19d189dd6f337f2b', 'hello2@goodbye.com')[0m
  [4;35;1mSQL (1.4ms)[0m   [0mCOMMIT[0m

NameError (undefined local variable or method `root_url' for #<UsersController:0xb7030ef0>):
  app/controllers/users_controller.rb:10:in `create'

Rendered rescues/_trace (88.1ms)
Rendered rescues/_request_and_response (1.0ms)
Rendering rescues/layout (internal_server_error)
  [4;36;1mSQL (0.2ms)[0m   [0;1mSET NAMES 'utf8'[0m
  [4;35;1mSQL (0.4ms)[0m   [0mSET SQL_AUTO_IS_NULL=0[0m


Processing UsersController#new (for 127.0.0.1 at 2010-01-23 14:49:06) [GET]
  Parameters: {"action"=>"new", "controller"=>"users"}
  [4;36;1mUser Columns (1.9ms)[0m   [0;1mSHOW FIELDS FROM `users`[0m
Rendering users/new
Rendered users/_form (43.6ms)
Completed in 87ms (View: 62, DB: 2) | 200 OK [http://localhost/users/new]
  [4;35;1mSQL (0.2ms)[0m   [0mSET NAMES 'utf8'[0m
  [4;36;1mSQL (2.0ms)[0m   [0;1mSET SQL_AUTO_IS_NULL=0[0m


Processing UsersController#create (for 127.0.0.1 at 2010-01-23 14:49:21) [POST]
  Parameters: {"commit"=>"Submit", "action"=>"create", "authenticity_token"=>"hqKwSmLGEpg0fFl9JJ+O1ONG74ovHFMVc5W0cXOucWE=", "controller"=>"users", "user"=>{"password_confirmation"=>"[FILTERED]", "username"=>"bryce4", "password"=>"[FILTERED]", "email"=>"a@b.c"}}
  [4;35;1mUser Columns (1.5ms)[0m   [0mSHOW FIELDS FROM `users`[0m
  [4;36;1mSQL (0.2ms)[0m   [0;1mBEGIN[0m
  [4;35;1mUser Load (0.6ms)[0m   [0mSELECT `users`.id FROM `users` WHERE (LOWER(`users`.`email`) = BINARY 'a@b.c') LIMIT 1[0m
  [4;36;1mUser Load (2.1ms)[0m   [0;1mSELECT `users`.id FROM `users` WHERE (LOWER(`users`.`username`) = BINARY 'bryce4') LIMIT 1[0m
  [4;35;1mUser Load (0.3ms)[0m   [0mSELECT `users`.id FROM `users` WHERE (`users`.`persistence_token` = BINARY '0ff4f254029ad0c90141bab68e95593b1fb3b2b818359f57fb34910d119c36569c3e24966c476716fd227116b4802162dfde76327f209d2e4e24991b3bb235a6') LIMIT 1[0m
  [4;36;1mSQL (0.2ms)[0m   [0;1mROLLBACK[0m
Rendering users/new
Rendered users/_form (25.0ms)
Completed in 363ms (View: 27, DB: 7) | 200 OK [http://localhost/users]
  [4;35;1mSQL (0.1ms)[0m   [0mSET NAMES 'utf8'[0m
  [4;36;1mSQL (0.1ms)[0m   [0;1mSET SQL_AUTO_IS_NULL=0[0m


Processing UsersController#create (for 127.0.0.1 at 2010-01-23 14:49:30) [POST]
  Parameters: {"commit"=>"Submit", "action"=>"create", "authenticity_token"=>"hqKwSmLGEpg0fFl9JJ+O1ONG74ovHFMVc5W0cXOucWE=", "controller"=>"users", "user"=>{"password_confirmation"=>"[FILTERED]", "username"=>"bryce4", "password"=>"[FILTERED]", "email"=>"a@b.com"}}
  [4;35;1mUser Columns (3.2ms)[0m   [0mSHOW FIELDS FROM `users`[0m
  [4;36;1mSQL (0.2ms)[0m   [0;1mBEGIN[0m
  [4;35;1mUser Load (0.5ms)[0m   [0mSELECT `users`.id FROM `users` WHERE (LOWER(`users`.`email`) = BINARY 'a@b.com') LIMIT 1[0m
  [4;36;1mUser Load (0.1ms)[0m   [0;1mSELECT `users`.id FROM `users` WHERE (LOWER(`users`.`username`) = BINARY 'bryce4') LIMIT 1[0m
  [4;35;1mUser Load (0.4ms)[0m   [0mSELECT `users`.id FROM `users` WHERE (`users`.`persistence_token` = BINARY 'f1443b74f34e19ed65a8a839b9d03e477aeeadbaead2ed7f5e963dff00557fe4133f2a71617d282ed9d11b1a149d88ca60fb41f21cb370bf7c82f842a6af7347') LIMIT 1[0m
  [4;36;1mUser Create (0.5ms)[0m   [0;1mINSERT INTO `users` (`created_at`, `crypted_password`, `updated_at`, `username`, `password_salt`, `persistence_token`, `email`) VALUES('2010-01-23 21:49:30', NULL, '2010-01-23 21:49:30', 'bryce4', NULL, 'f1443b74f34e19ed65a8a839b9d03e477aeeadbaead2ed7f5e963dff00557fe4133f2a71617d282ed9d11b1a149d88ca60fb41f21cb370bf7c82f842a6af7347', 'a@b.com')[0m
  [4;35;1mSQL (1.3ms)[0m   [0mCOMMIT[0m

NameError (undefined local variable or method `root_url' for #<UsersController:0xb6e43ae8>):
  app/controllers/users_controller.rb:10:in `create'

Rendered rescues/_trace (94.8ms)
Rendered rescues/_request_and_response (4.1ms)
Rendering rescues/layout (internal_server_error)
  [4;36;1mSQL (0.1ms)[0m   [0;1mSET NAMES 'utf8'[0m
  [4;35;1mSQL (0.1ms)[0m   [0mSET SQL_AUTO_IS_NULL=0[0m


Processing UsersController#new (for 127.0.0.1 at 2010-01-23 14:50:15) [GET]
  Parameters: {"action"=>"new", "controller"=>"users"}
  [4;36;1mUser Columns (1.7ms)[0m   [0;1mSHOW FIELDS FROM `users`[0m
Rendering users/new
Rendered users/_form (13.8ms)
Completed in 41ms (View: 16, DB: 2) | 200 OK [http://localhost/]
  [4;35;1mSQL (0.1ms)[0m   [0mSET NAMES 'utf8'[0m
  [4;36;1mSQL (0.1ms)[0m   [0;1mSET SQL_AUTO_IS_NULL=0[0m


Processing UsersController#create (for 127.0.0.1 at 2010-01-23 14:51:11) [POST]
  Parameters: {"commit"=>"Submit", "action"=>"create", "authenticity_token"=>"hqKwSmLGEpg0fFl9JJ+O1ONG74ovHFMVc5W0cXOucWE=", "controller"=>"users", "user"=>{"password_confirmation"=>"[FILTERED]", "username"=>"bryce5", "password"=>"[FILTERED]", "email"=>"hello3@goodbye.com"}}
  [4;35;1mUser Columns (1.7ms)[0m   [0mSHOW FIELDS FROM `users`[0m
  [4;36;1mSQL (0.1ms)[0m   [0;1mBEGIN[0m
  [4;35;1mUser Load (0.5ms)[0m   [0mSELECT `users`.id FROM `users` WHERE (LOWER(`users`.`email`) = BINARY 'hello3@goodbye.com') LIMIT 1[0m
  [4;36;1mUser Load (0.3ms)[0m   [0;1mSELECT `users`.id FROM `users` WHERE (LOWER(`users`.`username`) = BINARY 'bryce5') LIMIT 1[0m
  [4;35;1mUser Load (0.3ms)[0m   [0mSELECT `users`.id FROM `users` WHERE (`users`.`persistence_token` = BINARY 'e63b07dc9d62731193a71c3713c535e7c8c79d7c43dfbfdc024103a84a5aecbe29daf21a4f5b31064a4afd1834346447365153f0f3c73093ef5e96cff3a2b455') LIMIT 1[0m
  [4;36;1mUser Load (0.6ms)[0m   [0;1mSELECT * FROM `users` WHERE (`users`.`persistence_token` = 'f1443b74f34e19ed65a8a839b9d03e477aeeadbaead2ed7f5e963dff00557fe4133f2a71617d282ed9d11b1a149d88ca60fb41f21cb370bf7c82f842a6af7347') LIMIT 1[0m
  [4;35;1mUser Create (0.4ms)[0m   [0mINSERT INTO `users` (`created_at`, `crypted_password`, `updated_at`, `username`, `password_salt`, `persistence_token`, `email`) VALUES('2010-01-23 21:51:12', NULL, '2010-01-23 21:51:12', 'bryce5', NULL, 'e63b07dc9d62731193a71c3713c535e7c8c79d7c43dfbfdc024103a84a5aecbe29daf21a4f5b31064a4afd1834346447365153f0f3c73093ef5e96cff3a2b455', 'hello3@goodbye.com')[0m
  [4;36;1mSQL (1.3ms)[0m   [0;1mCOMMIT[0m
Redirected to http://localhost:3000/
Completed in 78ms (DB: 6) | 302 Found [http://localhost/users]
  [4;35;1mSQL (0.1ms)[0m   [0mSET NAMES 'utf8'[0m
  [4;36;1mSQL (0.1ms)[0m   [0;1mSET SQL_AUTO_IS_NULL=0[0m


Processing UsersController#new (for 127.0.0.1 at 2010-01-23 14:51:12) [GET]
  Parameters: {"action"=>"new", "controller"=>"users"}
  [4;35;1mUser Columns (1.7ms)[0m   [0mSHOW FIELDS FROM `users`[0m
Rendering users/new
Rendered users/_form (13.1ms)
Completed in 40ms (View: 15, DB: 2) | 200 OK [http://localhost/]
  [4;36;1mSQL (0.1ms)[0m   [0;1mSET NAMES 'utf8'[0m
  [4;35;1mSQL (0.1ms)[0m   [0mSET SQL_AUTO_IS_NULL=0[0m


Processing UsersController#new (for 127.0.0.1 at 2010-01-23 18:09:20) [GET]
  Parameters: {"action"=>"new", "controller"=>"users"}
  [4;36;1mUser Columns (1.7ms)[0m   [0;1mSHOW FIELDS FROM `users`[0m
Rendering users/new
Rendered users/_form (16.0ms)
Completed in 49ms (View: 25, DB: 2) | 200 OK [http://localhost/]
  [4;35;1mSQL (0.1ms)[0m   [0mSET NAMES 'utf8'[0m
  [4;36;1mSQL (0.1ms)[0m   [0;1mSET SQL_AUTO_IS_NULL=0[0m


Processing UserSessionsController#destroy (for 127.0.0.1 at 2010-01-23 18:09:23) [GET]
  Parameters: {"action"=>"destroy", "controller"=>"user_sessions"}
  [4;35;1mUser Columns (1.7ms)[0m   [0mSHOW FIELDS FROM `users`[0m
  [4;36;1mUser Load (0.6ms)[0m   [0;1mSELECT * FROM `users` WHERE (`users`.`persistence_token` = 'f1443b74f34e19ed65a8a839b9d03e477aeeadbaead2ed7f5e963dff00557fe4133f2a71617d282ed9d11b1a149d88ca60fb41f21cb370bf7c82f842a6af7347') LIMIT 1[0m
Redirected to http://localhost:3000/
Completed in 44ms (DB: 3) | 302 Found [http://localhost/logout]
  [4;35;1mSQL (0.1ms)[0m   [0mSET NAMES 'utf8'[0m
  [4;36;1mSQL (0.1ms)[0m   [0;1mSET SQL_AUTO_IS_NULL=0[0m


Processing UsersController#new (for 127.0.0.1 at 2010-01-23 18:09:24) [GET]
  Parameters: {"action"=>"new", "controller"=>"users"}
  [4;35;1mUser Columns (1.4ms)[0m   [0mSHOW FIELDS FROM `users`[0m
Rendering users/new
Rendered users/_form (138.7ms)
Completed in 165ms (View: 141, DB: 2) | 200 OK [http://localhost/]
  [4;36;1mSQL (0.1ms)[0m   [0;1mSET NAMES 'utf8'[0m
  [4;35;1mSQL (0.1ms)[0m   [0mSET SQL_AUTO_IS_NULL=0[0m


Processing UserSessionsController#destroy (for 127.0.0.1 at 2010-01-23 18:09:27) [GET]
  Parameters: {"action"=>"destroy", "controller"=>"user_sessions"}
  [4;36;1mUser Columns (1.7ms)[0m   [0;1mSHOW FIELDS FROM `users`[0m

NoMethodError (You have a nil object when you didn't expect it!
You might have expected an instance of ActiveRecord::Base.
The error occurred while evaluating nil.destroy):
  app/controllers/user_sessions_controller.rb:18:in `destroy'

Rendered rescues/_trace (86.2ms)
Rendered rescues/_request_and_response (0.7ms)
Rendering rescues/layout (internal_server_error)
  [4;35;1mSQL (0.1ms)[0m   [0mSET NAMES 'utf8'[0m
  [4;36;1mSQL (0.1ms)[0m   [0;1mSET SQL_AUTO_IS_NULL=0[0m


Processing UsersController#new (for 127.0.0.1 at 2010-01-23 18:09:51) [GET]
  Parameters: {"action"=>"new", "controller"=>"users"}
  [4;35;1mUser Columns (2.0ms)[0m   [0mSHOW FIELDS FROM `users`[0m
Rendering users/new
Rendered users/_form (13.9ms)
Completed in 41ms (View: 16, DB: 2) | 200 OK [http://localhost/users/new]
  [4;36;1mSQL (0.1ms)[0m   [0;1mSET NAMES 'utf8'[0m
  [4;35;1mSQL (0.3ms)[0m   [0mSET SQL_AUTO_IS_NULL=0[0m


Processing UsersController#create (for 127.0.0.1 at 2010-01-23 18:10:18) [POST]
  Parameters: {"commit"=>"Submit", "action"=>"create", "authenticity_token"=>"hqKwSmLGEpg0fFl9JJ+O1ONG74ovHFMVc5W0cXOucWE=", "controller"=>"users", "user"=>{"password_confirmation"=>"[FILTERED]", "username"=>"bryce6", "password"=>"[FILTERED]", "email"=>"b6@hello.com"}}
  [4;36;1mUser Columns (1.6ms)[0m   [0;1mSHOW FIELDS FROM `users`[0m
  [4;35;1mSQL (0.2ms)[0m   [0mBEGIN[0m
  [4;36;1mUser Load (0.5ms)[0m   [0;1mSELECT `users`.id FROM `users` WHERE (LOWER(`users`.`email`) = BINARY 'b6@hello.com') LIMIT 1[0m
  [4;35;1mUser Load (0.4ms)[0m   [0mSELECT `users`.id FROM `users` WHERE (LOWER(`users`.`username`) = BINARY 'bryce6') LIMIT 1[0m
  [4;36;1mUser Load (0.4ms)[0m   [0;1mSELECT `users`.id FROM `users` WHERE (`users`.`persistence_token` = BINARY 'f59409086139a8a289007074c088080645c7b996de6677e5bf7d60abfa8a62d129b5d2b1f496e29c1cc8ae98998397c8a1e3484ef2261476451713cf35282d8d') LIMIT 1[0m
  [4;35;1mUser Create (0.5ms)[0m   [0mINSERT INTO `users` (`created_at`, `crypted_password`, `updated_at`, `username`, `password_salt`, `persistence_token`, `email`) VALUES('2010-01-24 01:10:19', NULL, '2010-01-24 01:10:19', 'bryce6', NULL, 'f59409086139a8a289007074c088080645c7b996de6677e5bf7d60abfa8a62d129b5d2b1f496e29c1cc8ae98998397c8a1e3484ef2261476451713cf35282d8d', 'b6@hello.com')[0m
  [4;36;1mSQL (1.3ms)[0m   [0;1mCOMMIT[0m
Redirected to http://localhost:3000/
Completed in 53ms (DB: 5) | 302 Found [http://localhost/users]
  [4;35;1mSQL (0.1ms)[0m   [0mSET NAMES 'utf8'[0m
  [4;36;1mSQL (0.1ms)[0m   [0;1mSET SQL_AUTO_IS_NULL=0[0m


Processing UsersController#new (for 127.0.0.1 at 2010-01-23 18:10:19) [GET]
  Parameters: {"action"=>"new", "controller"=>"users"}
  [4;35;1mUser Columns (1.6ms)[0m   [0mSHOW FIELDS FROM `users`[0m
Rendering users/new
Rendered users/_form (13.4ms)
Completed in 38ms (View: 15, DB: 2) | 200 OK [http://localhost/]
  [4;36;1mSQL (0.1ms)[0m   [0;1mSET NAMES 'utf8'[0m
  [4;35;1mSQL (0.1ms)[0m   [0mSET SQL_AUTO_IS_NULL=0[0m


Processing UsersController#new (for 127.0.0.1 at 2010-01-23 18:15:56) [GET]
  Parameters: {"action"=>"new", "controller"=>"users"}
  [4;36;1mUser Columns (1.7ms)[0m   [0;1mSHOW FIELDS FROM `users`[0m
Rendering template within layouts/application
Rendering users/new
Rendered users/_form (13.6ms)
Completed in 50ms (View: 26, DB: 2) | 200 OK [http://localhost/]
  [4;35;1mSQL (0.1ms)[0m   [0mSET NAMES 'utf8'[0m
  [4;36;1mSQL (0.1ms)[0m   [0;1mSET SQL_AUTO_IS_NULL=0[0m


Processing UsersController#new (for 127.0.0.1 at 2010-01-23 18:16:46) [GET]
  Parameters: {"action"=>"new", "controller"=>"users"}
  [4;35;1mUser Columns (1.7ms)[0m   [0mSHOW FIELDS FROM `users`[0m
Rendering template within layouts/application
Rendering users/new
Rendered users/_form (14.3ms)
Completed in 42ms (View: 17, DB: 2) | 200 OK [http://localhost/]
  [4;36;1mSQL (0.1ms)[0m   [0;1mSET NAMES 'utf8'[0m
  [4;35;1mSQL (0.1ms)[0m   [0mSET SQL_AUTO_IS_NULL=0[0m


Processing UserSessionsController#new (for 127.0.0.1 at 2010-01-23 18:16:50) [GET]
  Parameters: {"action"=>"new", "controller"=>"user_sessions"}
  [4;36;1mUser Columns (1.7ms)[0m   [0;1mSHOW FIELDS FROM `users`[0m
Rendering template within layouts/application
Rendering user_sessions/new
Completed in 49ms (View: 19, DB: 2) | 200 OK [http://localhost/login]
  [4;35;1mSQL (0.1ms)[0m   [0mSET NAMES 'utf8'[0m
  [4;36;1mSQL (0.1ms)[0m   [0;1mSET SQL_AUTO_IS_NULL=0[0m


Processing UserSessionsController#create (for 127.0.0.1 at 2010-01-23 18:16:58) [POST]
  Parameters: {"commit"=>"Submit", "user_session"=>{"username"=>"bryce6", "password"=>"[FILTERED]"}, "action"=>"create", "authenticity_token"=>"hqKwSmLGEpg0fFl9JJ+O1ONG74ovHFMVc5W0cXOucWE=", "controller"=>"user_sessions"}
  [4;35;1mUser Columns (1.7ms)[0m   [0mSHOW FIELDS FROM `users`[0m
  [4;36;1mUser Load (0.6ms)[0m   [0;1mSELECT * FROM `users` WHERE (LOWER(`users`.username) = 'bryce6') LIMIT 1[0m
Rendering template within layouts/application
Rendering user_sessions/new
Completed in 76ms (View: 37, DB: 2) | 200 OK [http://localhost/user_sessions]
  [4;35;1mSQL (0.5ms)[0m   [0mSET NAMES 'utf8'[0m
  [4;36;1mSQL (12.9ms)[0m   [0;1mSET SQL_AUTO_IS_NULL=0[0m


Processing UserSessionsController#create (for 127.0.0.1 at 2010-01-23 18:19:01) [POST]
  Parameters: {"commit"=>"Submit", "user_session"=>{"username"=>"bryce6", "password"=>"[FILTERED]"}, "action"=>"create", "authenticity_token"=>"hqKwSmLGEpg0fFl9JJ+O1ONG74ovHFMVc5W0cXOucWE=", "controller"=>"user_sessions"}
  [4;35;1mUser Columns (1.8ms)[0m   [0mSHOW FIELDS FROM `users`[0m
  [4;36;1mUser Load (0.2ms)[0m   [0;1mSELECT * FROM `users` WHERE (LOWER(`users`.username) = 'bryce6') LIMIT 1[0m
Rendering template within layouts/application
Rendering user_sessions/new
Completed in 61ms (View: 22, DB: 15) | 200 OK [http://localhost/user_sessions]
  [4;35;1mSQL (0.1ms)[0m   [0mSET NAMES 'utf8'[0m
  [4;36;1mSQL (0.1ms)[0m   [0;1mSET SQL_AUTO_IS_NULL=0[0m


Processing UsersController#new (for 127.0.0.1 at 2010-01-23 18:19:04) [GET]
  Parameters: {"action"=>"new", "controller"=>"users"}
  [4;35;1mUser Columns (1.8ms)[0m   [0mSHOW FIELDS FROM `users`[0m
Rendering template within layouts/application
Rendering users/new
Rendered users/_form (13.7ms)
Completed in 40ms (View: 17, DB: 2) | 200 OK [http://localhost/users/new]
  [4;36;1mSQL (0.2ms)[0m   [0;1mSET NAMES 'utf8'[0m
  [4;35;1mSQL (0.1ms)[0m   [0mSET SQL_AUTO_IS_NULL=0[0m


Processing UsersController#create (for 127.0.0.1 at 2010-01-23 18:23:53) [POST]
  Parameters: {"commit"=>"Submit", "action"=>"create", "authenticity_token"=>"hqKwSmLGEpg0fFl9JJ+O1ONG74ovHFMVc5W0cXOucWE=", "controller"=>"users", "user"=>{"password_confirmation"=>"[FILTERED]", "username"=>"bryce7", "password"=>"[FILTERED]", "email"=>"b7@aol.com"}}
  [4;36;1mUser Columns (1.6ms)[0m   [0;1mSHOW FIELDS FROM `users`[0m
  [4;35;1mUser Load (0.6ms)[0m   [0mSELECT `users`.id FROM `users` WHERE (LOWER(`users`.`email`) = BINARY 'b7@aol.com') LIMIT 1[0m
  [4;36;1mUser Load (0.4ms)[0m   [0;1mSELECT `users`.id FROM `users` WHERE (LOWER(`users`.`username`) = BINARY 'bryce7') LIMIT 1[0m
  [4;35;1mUser Load (0.4ms)[0m   [0mSELECT `users`.id FROM `users` WHERE (`users`.`persistence_token` = BINARY '67e14ff2b172e1b2afb57ae62a1889cb9b03ffb225b363826c86f41cef783486fbcb268e3d86e7fad9c73c68ed380f662e9cef71aa68fc433144f43d84628529') LIMIT 1[0m
  [4;36;1mSQL (0.2ms)[0m   [0;1mBEGIN[0m
  [4;35;1mCACHE (0.0ms)[0m   [0mSELECT `users`.id FROM `users` WHERE (LOWER(`users`.`email`) = BINARY 'b7@aol.com') LIMIT 1[0m
  [4;36;1mCACHE (0.0ms)[0m   [0;1mSELECT `users`.id FROM `users` WHERE (LOWER(`users`.`username`) = BINARY 'bryce7') LIMIT 1[0m
  [4;35;1mCACHE (0.0ms)[0m   [0mSELECT `users`.id FROM `users` WHERE (`users`.`persistence_token` = BINARY '67e14ff2b172e1b2afb57ae62a1889cb9b03ffb225b363826c86f41cef783486fbcb268e3d86e7fad9c73c68ed380f662e9cef71aa68fc433144f43d84628529') LIMIT 1[0m
  [4;36;1mUser Load (0.7ms)[0m   [0;1mSELECT * FROM `users` WHERE (`users`.`persistence_token` = 'f59409086139a8a289007074c088080645c7b996de6677e5bf7d60abfa8a62d129b5d2b1f496e29c1cc8ae98998397c8a1e3484ef2261476451713cf35282d8d') LIMIT 1[0m
  [4;35;1mUser Create (0.4ms)[0m   [0mINSERT INTO `users` (`created_at`, `crypted_password`, `updated_at`, `username`, `password_salt`, `persistence_token`, `email`) VALUES('2010-01-24 01:26:47', NULL, '2010-01-24 01:26:47', 'bryce7', NULL, '67e14ff2b172e1b2afb57ae62a1889cb9b03ffb225b363826c86f41cef783486fbcb268e3d86e7fad9c73c68ed380f662e9cef71aa68fc433144f43d84628529', 'b7@aol.com')[0m
  [4;36;1mSQL (27.8ms)[0m   [0;1mCOMMIT[0m
Redirected to http://localhost:3000/
Completed in 1093300ms (DB: 32) | 302 Found [http://localhost/users]
  [4;35;1mSQL (0.1ms)[0m   [0mSET NAMES 'utf8'[0m
  [4;36;1mSQL (0.1ms)[0m   [0;1mSET SQL_AUTO_IS_NULL=0[0m


Processing UsersController#new (for 127.0.0.1 at 2010-01-23 18:42:06) [GET]
  Parameters: {"action"=>"new", "controller"=>"users"}
  [4;35;1mUser Columns (1.7ms)[0m   [0mSHOW FIELDS FROM `users`[0m
Rendering template within layouts/application
Rendering users/new
Rendered users/_form (23.4ms)
Completed in 199ms (View: 166, DB: 2) | 200 OK [http://localhost/]
  [4;36;1mSQL (0.1ms)[0m   [0;1mSET NAMES 'utf8'[0m
  [4;35;1mSQL (0.1ms)[0m   [0mSET SQL_AUTO_IS_NULL=0[0m


Processing UsersController#create (for 127.0.0.1 at 2010-01-23 18:42:30) [POST]
  Parameters: {"commit"=>"Submit", "action"=>"create", "authenticity_token"=>"hqKwSmLGEpg0fFl9JJ+O1ONG74ovHFMVc5W0cXOucWE=", "controller"=>"users", "user"=>{"password_confirmation"=>"[FILTERED]", "username"=>"bryce8", "password"=>"[FILTERED]", "email"=>"bryce@1234hello.com"}}
  [4;36;1mUser Columns (1.6ms)[0m   [0;1mSHOW FIELDS FROM `users`[0m
  [4;35;1mSQL (0.2ms)[0m   [0mBEGIN[0m
  [4;36;1mUser Load (0.6ms)[0m   [0;1mSELECT `users`.id FROM `users` WHERE (LOWER(`users`.`email`) = BINARY 'bryce@1234hello.com') LIMIT 1[0m
  [4;35;1mUser Load (0.4ms)[0m   [0mSELECT `users`.id FROM `users` WHERE (LOWER(`users`.`username`) = BINARY 'bryce8') LIMIT 1[0m
  [4;36;1mUser Load (0.5ms)[0m   [0;1mSELECT `users`.id FROM `users` WHERE (`users`.`persistence_token` = BINARY '6094def72d8aa48fdb31e6433571651f264823ca8be6c17707b77c12553b32889157929ec3c796a81e5900c25f37ac3551b9ddfaa2db2574cbd2175554e3d693') LIMIT 1[0m
  [4;35;1mUser Load (0.6ms)[0m   [0mSELECT * FROM `users` WHERE (`users`.`persistence_token` = 'f59409086139a8a289007074c088080645c7b996de6677e5bf7d60abfa8a62d129b5d2b1f496e29c1cc8ae98998397c8a1e3484ef2261476451713cf35282d8d') LIMIT 1[0m
  [4;36;1mUser Create (0.5ms)[0m   [0;1mINSERT INTO `users` (`created_at`, `crypted_password`, `updated_at`, `username`, `password_salt`, `persistence_token`, `email`) VALUES('2010-01-24 01:42:36', NULL, '2010-01-24 01:42:36', 'bryce8', NULL, '6094def72d8aa48fdb31e6433571651f264823ca8be6c17707b77c12553b32889157929ec3c796a81e5900c25f37ac3551b9ddfaa2db2574cbd2175554e3d693', 'bryce@1234hello.com')[0m
  [4;35;1mSQL (24.5ms)[0m   [0mCOMMIT[0m
Redirected to http://localhost:3000/
Completed in 6173ms (DB: 29) | 302 Found [http://localhost/users]
  [4;36;1mSQL (0.1ms)[0m   [0;1mSET NAMES 'utf8'[0m
  [4;35;1mSQL (0.1ms)[0m   [0mSET SQL_AUTO_IS_NULL=0[0m


Processing UsersController#new (for 127.0.0.1 at 2010-01-23 18:42:36) [GET]
  Parameters: {"action"=>"new", "controller"=>"users"}
  [4;36;1mUser Columns (1.6ms)[0m   [0;1mSHOW FIELDS FROM `users`[0m
Rendering template within layouts/application
Rendering users/new
Rendered users/_form (18.6ms)
Completed in 55ms (View: 22, DB: 2) | 200 OK [http://localhost/]
  [4;35;1mSQL (0.1ms)[0m   [0mSET NAMES 'utf8'[0m
  [4;36;1mSQL (0.1ms)[0m   [0;1mSET SQL_AUTO_IS_NULL=0[0m


Processing UsersController#create (for 127.0.0.1 at 2010-01-23 18:44:34) [POST]
  Parameters: {"commit"=>"Submit", "action"=>"create", "authenticity_token"=>"hqKwSmLGEpg0fFl9JJ+O1ONG74ovHFMVc5W0cXOucWE=", "controller"=>"users", "user"=>{"password_confirmation"=>"[FILTERED]", "username"=>"zoe9", "password"=>"[FILTERED]", "email"=>"hello4@gbye.com"}}
  [4;35;1mUser Columns (1.8ms)[0m   [0mSHOW FIELDS FROM `users`[0m
  [4;36;1mSQL (0.1ms)[0m   [0;1mBEGIN[0m
  [4;35;1mUser Load (0.5ms)[0m   [0mSELECT `users`.id FROM `users` WHERE (LOWER(`users`.`email`) = BINARY 'hello4@gbye.com') LIMIT 1[0m
  [4;36;1mUser Load (0.3ms)[0m   [0;1mSELECT `users`.id FROM `users` WHERE (LOWER(`users`.`username`) = BINARY 'zoe9') LIMIT 1[0m
  [4;35;1mUser Load (0.4ms)[0m   [0mSELECT `users`.id FROM `users` WHERE (`users`.`persistence_token` = BINARY '6a81277198393406356e9ee0d6aa709edc8c84cb11b65c0dbd26fb9d2b34ef21583db5e32bb71e835528208f1c2276b7359c2bc2b2c395fdb445d2006525bb7e') LIMIT 1[0m
  [4;36;1mUser Load (0.6ms)[0m   [0;1mSELECT * FROM `users` WHERE (`users`.`persistence_token` = 'f59409086139a8a289007074c088080645c7b996de6677e5bf7d60abfa8a62d129b5d2b1f496e29c1cc8ae98998397c8a1e3484ef2261476451713cf35282d8d') LIMIT 1[0m
  [4;35;1mUser Create (0.4ms)[0m   [0mINSERT INTO `users` (`created_at`, `crypted_password`, `updated_at`, `username`, `password_salt`, `persistence_token`, `email`) VALUES('2010-01-24 01:44:34', NULL, '2010-01-24 01:44:34', 'zoe9', NULL, '6a81277198393406356e9ee0d6aa709edc8c84cb11b65c0dbd26fb9d2b34ef21583db5e32bb71e835528208f1c2276b7359c2bc2b2c395fdb445d2006525bb7e', 'hello4@gbye.com')[0m
  [4;36;1mSQL (1.4ms)[0m   [0;1mCOMMIT[0m
Redirected to http://localhost:3000/
Completed in 75ms (DB: 6) | 302 Found [http://localhost/users]
  [4;35;1mSQL (0.1ms)[0m   [0mSET NAMES 'utf8'[0m
  [4;36;1mSQL (0.1ms)[0m   [0;1mSET SQL_AUTO_IS_NULL=0[0m


Processing UsersController#new (for 127.0.0.1 at 2010-01-23 18:44:34) [GET]
  Parameters: {"action"=>"new", "controller"=>"users"}
  [4;35;1mUser Columns (1.7ms)[0m   [0mSHOW FIELDS FROM `users`[0m
Rendering template within layouts/application
Rendering users/new
Rendered users/_form (18.5ms)
Completed in 54ms (View: 22, DB: 2) | 200 OK [http://localhost/]
  [4;36;1mSQL (0.2ms)[0m   [0;1mSET NAMES 'utf8'[0m
  [4;35;1mSQL (0.1ms)[0m   [0mSET SQL_AUTO_IS_NULL=0[0m


Processing UsersController#create (for 127.0.0.1 at 2010-01-23 18:45:33) [POST]
  Parameters: {"commit"=>"Submit", "action"=>"create", "authenticity_token"=>"hqKwSmLGEpg0fFl9JJ+O1ONG74ovHFMVc5W0cXOucWE=", "controller"=>"users", "user"=>{"password_confirmation"=>"[FILTERED]", "username"=>"hello", "password"=>"[FILTERED]", "email"=>"bryce@12346hello.com"}}
  [4;36;1mUser Columns (1.7ms)[0m   [0;1mSHOW FIELDS FROM `users`[0m
  [4;35;1mSQL (0.2ms)[0m   [0mBEGIN[0m
  [4;36;1mUser Load (0.5ms)[0m   [0;1mSELECT `users`.id FROM `users` WHERE (LOWER(`users`.`email`) = BINARY 'bryce@12346hello.com') LIMIT 1[0m
  [4;35;1mUser Load (0.4ms)[0m   [0mSELECT `users`.id FROM `users` WHERE (LOWER(`users`.`username`) = BINARY 'hello') LIMIT 1[0m
  [4;36;1mUser Load (0.3ms)[0m   [0;1mSELECT `users`.id FROM `users` WHERE (`users`.`persistence_token` = BINARY 'b6467579663f3dca42465900ea6518cdd3fcb5a77f8a43cf384c8a5e70ff71045c67580d6c08fff0bc8eb97df332009542b50fc3f205a33667afd29b3b63e698') LIMIT 1[0m
  [4;35;1mUser Load (0.6ms)[0m   [0mSELECT * FROM `users` WHERE (`users`.`persistence_token` = 'f59409086139a8a289007074c088080645c7b996de6677e5bf7d60abfa8a62d129b5d2b1f496e29c1cc8ae98998397c8a1e3484ef2261476451713cf35282d8d') LIMIT 1[0m
  [4;36;1mUser Create (0.5ms)[0m   [0;1mINSERT INTO `users` (`created_at`, `crypted_password`, `updated_at`, `username`, `password_salt`, `persistence_token`, `email`) VALUES('2010-01-24 01:45:33', NULL, '2010-01-24 01:45:33', 'hello', NULL, 'b6467579663f3dca42465900ea6518cdd3fcb5a77f8a43cf384c8a5e70ff71045c67580d6c08fff0bc8eb97df332009542b50fc3f205a33667afd29b3b63e698', 'bryce@12346hello.com')[0m
  [4;35;1mSQL (1.5ms)[0m   [0mCOMMIT[0m
Redirected to http://localhost:3000/
Completed in 75ms (DB: 6) | 302 Found [http://localhost/users]
  [4;36;1mSQL (0.1ms)[0m   [0;1mSET NAMES 'utf8'[0m
  [4;35;1mSQL (0.1ms)[0m   [0mSET SQL_AUTO_IS_NULL=0[0m


Processing UsersController#new (for 127.0.0.1 at 2010-01-23 18:45:33) [GET]
  Parameters: {"action"=>"new", "controller"=>"users"}
  [4;36;1mUser Columns (1.7ms)[0m   [0;1mSHOW FIELDS FROM `users`[0m
Rendering template within layouts/application
Rendering users/new
Rendered users/_form (19.3ms)
Completed in 184ms (View: 23, DB: 2) | 200 OK [http://localhost/]
  [4;36;1mSQL (0.2ms)[0m   [0;1mSET NAMES 'utf8'[0m
  [4;35;1mSQL (0.1ms)[0m   [0mSET SQL_AUTO_IS_NULL=0[0m
  [4;36;1mSQL (0.5ms)[0m   [0;1mSHOW TABLES[0m
  [4;35;1mSQL (0.1ms)[0m   [0mSELECT version FROM schema_migrations[0m
  [4;36;1mSQL (0.2ms)[0m   [0;1mSET NAMES 'utf8'[0m
  [4;35;1mSQL (0.1ms)[0m   [0mSET SQL_AUTO_IS_NULL=0[0m
  [4;36;1mSQL (0.4ms)[0m   [0;1mSHOW TABLES[0m
  [4;35;1mSQL (0.1ms)[0m   [0mSELECT version FROM schema_migrations[0m
  [4;36;1mSQL (0.1ms)[0m   [0;1mSET NAMES 'utf8'[0m
  [4;35;1mSQL (0.1ms)[0m   [0mSET SQL_AUTO_IS_NULL=0[0m
  [4;36;1mSQL (96.4ms)[0m   [0;1mDROP DATABASE IF EXISTS `altruism_test`[0m
  [4;35;1mSQL (0.3ms)[0m   [0mCREATE DATABASE `altruism_test` DEFAULT CHARACTER SET `utf8`[0m
  [4;36;1mSQL (0.1ms)[0m   [0;1mSET NAMES 'utf8'[0m
  [4;35;1mSQL (0.1ms)[0m   [0mSET SQL_AUTO_IS_NULL=0[0m
  [4;36;1mSQL (0.4ms)[0m   [0;1mSHOW TABLES[0m
  [4;35;1mSQL (27.2ms)[0m   [0mCREATE TABLE `users` (`id` int(11) DEFAULT NULL auto_increment PRIMARY KEY, `username` varchar(255), `email` varchar(255), `crypted_password` varchar(255), `password_salt` varchar(255), `persistence_token` varchar(255), `created_at` datetime, `updated_at` datetime) ENGINE=InnoDB[0m
  [4;36;1mSQL (0.5ms)[0m   [0;1mSHOW TABLES[0m
  [4;35;1mSQL (6.4ms)[0m   [0mCREATE TABLE `schema_migrations` (`version` varchar(255) NOT NULL) ENGINE=InnoDB[0m
  [4;36;1mSQL (25.9ms)[0m   [0;1mCREATE UNIQUE INDEX `unique_schema_migrations` ON `schema_migrations` (`version`)[0m
  [4;35;1mSQL (0.5ms)[0m   [0mSHOW TABLES[0m
  [4;36;1mSQL (0.4ms)[0m   [0;1mSELECT version FROM `schema_migrations`[0m
  [4;35;1mSQL (0.5ms)[0m   [0mINSERT INTO `schema_migrations` (version) VALUES ('20100123205928')[0m
  [4;36;1mSQL (0.2ms)[0m   [0;1mSET NAMES 'utf8'[0m
  [4;35;1mSQL (0.2ms)[0m   [0mSET SQL_AUTO_IS_NULL=0[0m
  [4;36;1mSQL (0.5ms)[0m   [0;1mSHOW TABLES[0m
  [4;35;1mSQL (0.1ms)[0m   [0mSELECT version FROM schema_migrations[0m
  [4;36;1mSQL (0.1ms)[0m   [0;1mSET NAMES 'utf8'[0m
  [4;35;1mSQL (0.1ms)[0m   [0mSET SQL_AUTO_IS_NULL=0[0m
  [4;36;1mSQL (47.9ms)[0m   [0;1mDROP DATABASE IF EXISTS `altruism_test`[0m
  [4;35;1mSQL (0.3ms)[0m   [0mCREATE DATABASE `altruism_test` DEFAULT CHARACTER SET `utf8`[0m
  [4;36;1mSQL (0.1ms)[0m   [0;1mSET NAMES 'utf8'[0m
  [4;35;1mSQL (0.1ms)[0m   [0mSET SQL_AUTO_IS_NULL=0[0m
  [4;36;1mSQL (0.3ms)[0m   [0;1mSHOW TABLES[0m
  [4;35;1mSQL (10.0ms)[0m   [0mCREATE TABLE `users` (`id` int(11) DEFAULT NULL auto_increment PRIMARY KEY, `username` varchar(255), `email` varchar(255), `crypted_password` varchar(255), `password_salt` varchar(255), `persistence_token` varchar(255), `created_at` datetime, `updated_at` datetime) ENGINE=InnoDB[0m
  [4;36;1mSQL (0.4ms)[0m   [0;1mSHOW TABLES[0m
  [4;35;1mSQL (3.5ms)[0m   [0mCREATE TABLE `schema_migrations` (`version` varchar(255) NOT NULL) ENGINE=InnoDB[0m
  [4;36;1mSQL (12.7ms)[0m   [0;1mCREATE UNIQUE INDEX `unique_schema_migrations` ON `schema_migrations` (`version`)[0m
  [4;35;1mSQL (0.7ms)[0m   [0mSHOW TABLES[0m
  [4;36;1mSQL (0.5ms)[0m   [0;1mSELECT version FROM `schema_migrations`[0m
  [4;35;1mSQL (0.5ms)[0m   [0mINSERT INTO `schema_migrations` (version) VALUES ('20100123205928')[0m
  [4;36;1mSQL (0.2ms)[0m   [0;1mSET NAMES 'utf8'[0m
  [4;35;1mSQL (0.1ms)[0m   [0mSET SQL_AUTO_IS_NULL=0[0m
  [4;36;1mSQL (0.7ms)[0m   [0;1mSHOW TABLES[0m
  [4;35;1mSQL (0.2ms)[0m   [0mSELECT version FROM schema_migrations[0m
  [4;36;1mSQL (0.1ms)[0m   [0;1mSET NAMES 'utf8'[0m
  [4;35;1mSQL (0.1ms)[0m   [0mSET SQL_AUTO_IS_NULL=0[0m
  [4;36;1mSQL (44.3ms)[0m   [0;1mDROP DATABASE IF EXISTS `altruism_test`[0m
  [4;35;1mSQL (0.3ms)[0m   [0mCREATE DATABASE `altruism_test` DEFAULT CHARACTER SET `utf8`[0m
  [4;36;1mSQL (0.1ms)[0m   [0;1mSET NAMES 'utf8'[0m
  [4;35;1mSQL (0.1ms)[0m   [0mSET SQL_AUTO_IS_NULL=0[0m
  [4;36;1mSQL (0.3ms)[0m   [0;1mSHOW TABLES[0m
  [4;35;1mSQL (3.8ms)[0m   [0mCREATE TABLE `users` (`id` int(11) DEFAULT NULL auto_increment PRIMARY KEY, `username` varchar(255), `email` varchar(255), `crypted_password` varchar(255), `password_salt` varchar(255), `persistence_token` varchar(255), `created_at` datetime, `updated_at` datetime) ENGINE=InnoDB[0m
  [4;36;1mSQL (0.4ms)[0m   [0;1mSHOW TABLES[0m
  [4;35;1mSQL (3.1ms)[0m   [0mCREATE TABLE `schema_migrations` (`version` varchar(255) NOT NULL) ENGINE=InnoDB[0m
  [4;36;1mSQL (6.5ms)[0m   [0;1mCREATE UNIQUE INDEX `unique_schema_migrations` ON `schema_migrations` (`version`)[0m
  [4;35;1mSQL (0.4ms)[0m   [0mSHOW TABLES[0m
  [4;36;1mSQL (0.4ms)[0m   [0;1mSELECT version FROM `schema_migrations`[0m
  [4;35;1mSQL (1.2ms)[0m   [0mINSERT INTO `schema_migrations` (version) VALUES ('20100123205928')[0m
  [4;36;1mSQL (0.2ms)[0m   [0;1mSET NAMES 'utf8'[0m
  [4;35;1mSQL (0.1ms)[0m   [0mSET SQL_AUTO_IS_NULL=0[0m
  [4;36;1mSQL (0.5ms)[0m   [0;1mSHOW TABLES[0m
  [4;35;1mSQL (0.2ms)[0m   [0mSELECT version FROM schema_migrations[0m
  [4;36;1mSQL (0.1ms)[0m   [0;1mSET NAMES 'utf8'[0m
  [4;35;1mSQL (0.1ms)[0m   [0mSET SQL_AUTO_IS_NULL=0[0m
  [4;36;1mSQL (9.1ms)[0m   [0;1mDROP DATABASE IF EXISTS `altruism_test`[0m
  [4;35;1mSQL (0.3ms)[0m   [0mCREATE DATABASE `altruism_test` DEFAULT CHARACTER SET `utf8`[0m
  [4;36;1mSQL (0.1ms)[0m   [0;1mSET NAMES 'utf8'[0m
  [4;35;1mSQL (0.1ms)[0m   [0mSET SQL_AUTO_IS_NULL=0[0m
  [4;36;1mSQL (0.3ms)[0m   [0;1mSHOW TABLES[0m
  [4;35;1mSQL (3.3ms)[0m   [0mCREATE TABLE `users` (`id` int(11) DEFAULT NULL auto_increment PRIMARY KEY, `username` varchar(255), `email` varchar(255), `crypted_password` varchar(255), `password_salt` varchar(255), `persistence_token` varchar(255), `created_at` datetime, `updated_at` datetime) ENGINE=InnoDB[0m
  [4;36;1mSQL (0.4ms)[0m   [0;1mSHOW TABLES[0m
  [4;35;1mSQL (2.7ms)[0m   [0mCREATE TABLE `schema_migrations` (`version` varchar(255) NOT NULL) ENGINE=InnoDB[0m
  [4;36;1mSQL (6.8ms)[0m   [0;1mCREATE UNIQUE INDEX `unique_schema_migrations` ON `schema_migrations` (`version`)[0m
  [4;35;1mSQL (0.4ms)[0m   [0mSHOW TABLES[0m
  [4;36;1mSQL (0.4ms)[0m   [0;1mSELECT version FROM `schema_migrations`[0m
  [4;35;1mSQL (1.9ms)[0m   [0mINSERT INTO `schema_migrations` (version) VALUES ('20100123205928')[0m
  [4;36;1mSQL (0.2ms)[0m   [0;1mSET NAMES 'utf8'[0m
  [4;35;1mSQL (0.1ms)[0m   [0mSET SQL_AUTO_IS_NULL=0[0m
  [4;36;1mSQL (0.5ms)[0m   [0;1mSHOW TABLES[0m
  [4;35;1mSQL (0.2ms)[0m   [0mSELECT version FROM schema_migrations[0m
  [4;36;1mSQL (0.1ms)[0m   [0;1mSET NAMES 'utf8'[0m
  [4;35;1mSQL (0.1ms)[0m   [0mSET SQL_AUTO_IS_NULL=0[0m
  [4;36;1mSQL (4.2ms)[0m   [0;1mDROP DATABASE IF EXISTS `altruism_test`[0m
  [4;35;1mSQL (1.4ms)[0m   [0mCREATE DATABASE `altruism_test` DEFAULT CHARACTER SET `utf8`[0m
  [4;36;1mSQL (0.1ms)[0m   [0;1mSET NAMES 'utf8'[0m
  [4;35;1mSQL (0.1ms)[0m   [0mSET SQL_AUTO_IS_NULL=0[0m
  [4;36;1mSQL (0.3ms)[0m   [0;1mSHOW TABLES[0m
  [4;35;1mSQL (20.9ms)[0m   [0mCREATE TABLE `users` (`id` int(11) DEFAULT NULL auto_increment PRIMARY KEY, `username` varchar(255), `email` varchar(255), `crypted_password` varchar(255), `password_salt` varchar(255), `persistence_token` varchar(255), `created_at` datetime, `updated_at` datetime) ENGINE=InnoDB[0m
  [4;36;1mSQL (0.5ms)[0m   [0;1mSHOW TABLES[0m
  [4;35;1mSQL (4.0ms)[0m   [0mCREATE TABLE `schema_migrations` (`version` varchar(255) NOT NULL) ENGINE=InnoDB[0m
  [4;36;1mSQL (6.2ms)[0m   [0;1mCREATE UNIQUE INDEX `unique_schema_migrations` ON `schema_migrations` (`version`)[0m
  [4;35;1mSQL (0.4ms)[0m   [0mSHOW TABLES[0m
  [4;36;1mSQL (0.4ms)[0m   [0;1mSELECT version FROM `schema_migrations`[0m
  [4;35;1mSQL (1.3ms)[0m   [0mINSERT INTO `schema_migrations` (version) VALUES ('20100123205928')[0m
  [4;36;1mSQL (0.2ms)[0m   [0;1mSET NAMES 'utf8'[0m
  [4;35;1mSQL (0.1ms)[0m   [0mSET SQL_AUTO_IS_NULL=0[0m
  [4;36;1mSQL (0.4ms)[0m   [0;1mSHOW TABLES[0m
  [4;35;1mSQL (0.1ms)[0m   [0mSELECT version FROM schema_migrations[0m
  [4;36;1mSQL (0.1ms)[0m   [0;1mSET NAMES 'utf8'[0m
  [4;35;1mSQL (0.1ms)[0m   [0mSET SQL_AUTO_IS_NULL=0[0m
  [4;36;1mSQL (42.5ms)[0m   [0;1mDROP DATABASE IF EXISTS `altruism_test`[0m
  [4;35;1mSQL (0.3ms)[0m   [0mCREATE DATABASE `altruism_test` DEFAULT CHARACTER SET `utf8`[0m
  [4;36;1mSQL (0.1ms)[0m   [0;1mSET NAMES 'utf8'[0m
  [4;35;1mSQL (0.1ms)[0m   [0mSET SQL_AUTO_IS_NULL=0[0m
  [4;36;1mSQL (0.3ms)[0m   [0;1mSHOW TABLES[0m
  [4;35;1mSQL (3.7ms)[0m   [0mCREATE TABLE `users` (`id` int(11) DEFAULT NULL auto_increment PRIMARY KEY, `username` varchar(255), `email` varchar(255), `crypted_password` varchar(255), `password_salt` varchar(255), `persistence_token` varchar(255), `created_at` datetime, `updated_at` datetime) ENGINE=InnoDB[0m
  [4;36;1mSQL (0.4ms)[0m   [0;1mSHOW TABLES[0m
  [4;35;1mSQL (3.1ms)[0m   [0mCREATE TABLE `schema_migrations` (`version` varchar(255) NOT NULL) ENGINE=InnoDB[0m
  [4;36;1mSQL (8.2ms)[0m   [0;1mCREATE UNIQUE INDEX `unique_schema_migrations` ON `schema_migrations` (`version`)[0m
  [4;35;1mSQL (0.5ms)[0m   [0mSHOW TABLES[0m
  [4;36;1mSQL (0.4ms)[0m   [0;1mSELECT version FROM `schema_migrations`[0m
  [4;35;1mSQL (0.5ms)[0m   [0mINSERT INTO `schema_migrations` (version) VALUES ('20100123205928')[0m
  [4;36;1mSQL (0.2ms)[0m   [0;1mSET NAMES 'utf8'[0m
  [4;35;1mSQL (0.1ms)[0m   [0mSET SQL_AUTO_IS_NULL=0[0m
  [4;36;1mSQL (0.5ms)[0m   [0;1mSHOW TABLES[0m
  [4;35;1mSQL (0.2ms)[0m   [0mSELECT version FROM schema_migrations[0m
  [4;36;1mSQL (0.1ms)[0m   [0;1mSET NAMES 'utf8'[0m
  [4;35;1mSQL (0.1ms)[0m   [0mSET SQL_AUTO_IS_NULL=0[0m
  [4;36;1mSQL (4.2ms)[0m   [0;1mDROP DATABASE IF EXISTS `altruism_test`[0m
  [4;35;1mSQL (0.3ms)[0m   [0mCREATE DATABASE `altruism_test` DEFAULT CHARACTER SET `utf8`[0m
  [4;36;1mSQL (0.1ms)[0m   [0;1mSET NAMES 'utf8'[0m
  [4;35;1mSQL (0.1ms)[0m   [0mSET SQL_AUTO_IS_NULL=0[0m
  [4;36;1mSQL (0.3ms)[0m   [0;1mSHOW TABLES[0m
  [4;35;1mSQL (27.3ms)[0m   [0mCREATE TABLE `users` (`id` int(11) DEFAULT NULL auto_increment PRIMARY KEY, `username` varchar(255), `email` varchar(255), `crypted_password` varchar(255), `password_salt` varchar(255), `persistence_token` varchar(255), `created_at` datetime, `updated_at` datetime) ENGINE=InnoDB[0m
  [4;36;1mSQL (0.4ms)[0m   [0;1mSHOW TABLES[0m
  [4;35;1mSQL (3.8ms)[0m   [0mCREATE TABLE `schema_migrations` (`version` varchar(255) NOT NULL) ENGINE=InnoDB[0m
  [4;36;1mSQL (6.2ms)[0m   [0;1mCREATE UNIQUE INDEX `unique_schema_migrations` ON `schema_migrations` (`version`)[0m
  [4;35;1mSQL (0.4ms)[0m   [0mSHOW TABLES[0m
  [4;36;1mSQL (0.4ms)[0m   [0;1mSELECT version FROM `schema_migrations`[0m
  [4;35;1mSQL (1.4ms)[0m   [0mINSERT INTO `schema_migrations` (version) VALUES ('20100123205928')[0m
  [4;36;1mSQL (0.2ms)[0m   [0;1mSET NAMES 'utf8'[0m
  [4;35;1mSQL (0.1ms)[0m   [0mSET SQL_AUTO_IS_NULL=0[0m
  [4;36;1mSQL (0.5ms)[0m   [0;1mSHOW TABLES[0m
  [4;35;1mSQL (0.1ms)[0m   [0mSELECT version FROM schema_migrations[0m
  [4;36;1mSQL (0.1ms)[0m   [0;1mSET NAMES 'utf8'[0m
  [4;35;1mSQL (0.1ms)[0m   [0mSET SQL_AUTO_IS_NULL=0[0m
  [4;36;1mSQL (4.1ms)[0m   [0;1mDROP DATABASE IF EXISTS `altruism_test`[0m
  [4;35;1mSQL (0.3ms)[0m   [0mCREATE DATABASE `altruism_test` DEFAULT CHARACTER SET `utf8`[0m
  [4;36;1mSQL (0.1ms)[0m   [0;1mSET NAMES 'utf8'[0m
  [4;35;1mSQL (0.1ms)[0m   [0mSET SQL_AUTO_IS_NULL=0[0m
  [4;36;1mSQL (0.4ms)[0m   [0;1mSHOW TABLES[0m
  [4;35;1mSQL (3.8ms)[0m   [0mCREATE TABLE `users` (`id` int(11) DEFAULT NULL auto_increment PRIMARY KEY, `username` varchar(255), `email` varchar(255), `crypted_password` varchar(255), `password_salt` varchar(255), `persistence_token` varchar(255), `created_at` datetime, `updated_at` datetime) ENGINE=InnoDB[0m
  [4;36;1mSQL (0.5ms)[0m   [0;1mSHOW TABLES[0m
  [4;35;1mSQL (3.2ms)[0m   [0mCREATE TABLE `schema_migrations` (`version` varchar(255) NOT NULL) ENGINE=InnoDB[0m
  [4;36;1mSQL (21.1ms)[0m   [0;1mCREATE UNIQUE INDEX `unique_schema_migrations` ON `schema_migrations` (`version`)[0m
  [4;35;1mSQL (0.4ms)[0m   [0mSHOW TABLES[0m
  [4;36;1mSQL (0.4ms)[0m   [0;1mSELECT version FROM `schema_migrations`[0m
  [4;35;1mSQL (1.3ms)[0m   [0mINSERT INTO `schema_migrations` (version) VALUES ('20100123205928')[0m
  [4;35;1mSQL (0.1ms)[0m   [0mSET NAMES 'utf8'[0m
  [4;36;1mSQL (0.1ms)[0m   [0;1mSET SQL_AUTO_IS_NULL=0[0m


Processing UsersController#create (for 127.0.0.1 at 2010-01-23 19:07:18) [POST]
  Parameters: {"commit"=>"Submit", "action"=>"create", "authenticity_token"=>"hqKwSmLGEpg0fFl9JJ+O1ONG74ovHFMVc5W0cXOucWE=", "controller"=>"users", "user"=>{"password_confirmation"=>"[FILTERED]", "username"=>"bryce9", "password"=>"[FILTERED]", "email"=>"h@abc.com"}}
  [4;35;1mUser Columns (1.6ms)[0m   [0mSHOW FIELDS FROM `users`[0m
  [4;36;1mSQL (0.2ms)[0m   [0;1mBEGIN[0m
  [4;35;1mUser Load (0.5ms)[0m   [0mSELECT `users`.id FROM `users` WHERE (LOWER(`users`.`email`) = BINARY 'h@abc.com') LIMIT 1[0m
  [4;36;1mUser Load (1.4ms)[0m   [0;1mSELECT `users`.id FROM `users` WHERE (LOWER(`users`.`username`) = BINARY 'bryce9') LIMIT 1[0m
  [4;35;1mUser Load (0.4ms)[0m   [0mSELECT `users`.id FROM `users` WHERE (`users`.`persistence_token` = BINARY 'c7a4f687bd5dcba708f72a6c09d0a734e4d3803791787177d2bed013ee66ffb671481147d9242d44d9aba2966fa65fcc0159f47b512d61495f3da0f909969a9b') LIMIT 1[0m
  [4;36;1mUser Load (0.6ms)[0m   [0;1mSELECT * FROM `users` WHERE (`users`.`persistence_token` = 'f59409086139a8a289007074c088080645c7b996de6677e5bf7d60abfa8a62d129b5d2b1f496e29c1cc8ae98998397c8a1e3484ef2261476451713cf35282d8d') LIMIT 1[0m
  [4;35;1mUser Create (0.4ms)[0m   [0mINSERT INTO `users` (`created_at`, `crypted_password`, `updated_at`, `username`, `password_salt`, `persistence_token`, `email`) VALUES('2010-01-24 02:07:18', NULL, '2010-01-24 02:07:18', 'bryce9', NULL, 'c7a4f687bd5dcba708f72a6c09d0a734e4d3803791787177d2bed013ee66ffb671481147d9242d44d9aba2966fa65fcc0159f47b512d61495f3da0f909969a9b', 'h@abc.com')[0m
  [4;36;1mSQL (1.5ms)[0m   [0;1mCOMMIT[0m
Redirected to http://localhost:3000/
Completed in 84ms (DB: 7) | 302 Found [http://localhost/users]
  [4;35;1mSQL (0.2ms)[0m   [0mSET NAMES 'utf8'[0m
  [4;36;1mSQL (0.1ms)[0m   [0;1mSET SQL_AUTO_IS_NULL=0[0m


Processing UsersController#new (for 127.0.0.1 at 2010-01-23 19:07:19) [GET]
  Parameters: {"action"=>"new", "controller"=>"users"}
  [4;35;1mUser Columns (1.5ms)[0m   [0mSHOW FIELDS FROM `users`[0m
Rendering template within layouts/application
Rendering users/new
Rendered users/_form (18.7ms)
Completed in 54ms (View: 22, DB: 2) | 200 OK [http://localhost/]
  [4;36;1mSQL (0.2ms)[0m   [0;1mSET NAMES 'utf8'[0m
  [4;35;1mSQL (0.5ms)[0m   [0mSET SQL_AUTO_IS_NULL=0[0m
  [4;36;1mUser Columns (1.7ms)[0m   [0;1mSHOW FIELDS FROM `users`[0m
  [4;35;1mSQL (0.6ms)[0m   [0mSHOW TABLES[0m
  [4;36;1mSQL (0.2ms)[0m   [0;1mSET NAMES 'utf8'[0m
  [4;35;1mSQL (0.1ms)[0m   [0mSET SQL_AUTO_IS_NULL=0[0m
  [4;36;1mUser Columns (1.9ms)[0m   [0;1mSHOW FIELDS FROM `users`[0m
  [4;36;1mSQL (0.2ms)[0m   [0;1mSET NAMES 'utf8'[0m
  [4;35;1mSQL (0.1ms)[0m   [0mSET SQL_AUTO_IS_NULL=0[0m
  [4;36;1mUser Columns (1.5ms)[0m   [0;1mSHOW FIELDS FROM `users`[0m
  [4;36;1mSQL (0.1ms)[0m   [0;1mSET NAMES 'utf8'[0m
  [4;35;1mSQL (0.1ms)[0m   [0mSET SQL_AUTO_IS_NULL=0[0m


Processing UsersController#create (for 127.0.0.1 at 2010-01-23 19:23:46) [POST]
  Parameters: {"commit"=>"Submit", "action"=>"create", "authenticity_token"=>"hqKwSmLGEpg0fFl9JJ+O1ONG74ovHFMVc5W0cXOucWE=", "controller"=>"users", "user"=>{"password_confirmation"=>"[FILTERED]", "username"=>"bryce", "password"=>"[FILTERED]", "email"=>"b@c.efg"}}
  [4;36;1mUser Columns (1.7ms)[0m   [0;1mSHOW FIELDS FROM `users`[0m
  [4;35;1mSQL (0.2ms)[0m   [0mBEGIN[0m
  [4;36;1mUser Load (0.5ms)[0m   [0;1mSELECT `users`.id FROM `users` WHERE (LOWER(`users`.`email`) = BINARY 'b@c.efg') LIMIT 1[0m
  [4;35;1mUser Load (0.3ms)[0m   [0mSELECT `users`.id FROM `users` WHERE (LOWER(`users`.`username`) = BINARY 'bryce') LIMIT 1[0m
  [4;36;1mUser Load (0.3ms)[0m   [0;1mSELECT `users`.id FROM `users` WHERE (`users`.`persistence_token` = BINARY 'cf9935956676084f6dd8419d6db9781b74921970d0fc24e44cbd1e0263b088570e4305a0c60cb72ce7da95cd0ec6149520fc2354b5f8f7eff5ee1b71b9a869b9') LIMIT 1[0m
  [4;35;1mUser Load (0.5ms)[0m   [0mSELECT * FROM `users` WHERE (`users`.`persistence_token` = 'f59409086139a8a289007074c088080645c7b996de6677e5bf7d60abfa8a62d129b5d2b1f496e29c1cc8ae98998397c8a1e3484ef2261476451713cf35282d8d') LIMIT 1[0m
  [4;36;1mUser Load (0.4ms)[0m   [0;1mSELECT * FROM `users` WHERE (`users`.`id` = 7) LIMIT 1[0m
  [4;35;1mUser Create (0.5ms)[0m   [0mINSERT INTO `users` (`created_at`, `crypted_password`, `updated_at`, `username`, `password_salt`, `persistence_token`, `email`) VALUES('2010-01-24 02:23:46', '6f9af21e1f7a4d9ebc422d95cc2cbaa8617d56d4eade6243bb2964c4a5b0bf144c79086243890de2845385817ff0de8815a5c2a37f8d68ff3654542bd9fcf80b', '2010-01-24 02:23:46', 'bryce', '-xUvmtZhA9KRmREWrlZ2', 'cf9935956676084f6dd8419d6db9781b74921970d0fc24e44cbd1e0263b088570e4305a0c60cb72ce7da95cd0ec6149520fc2354b5f8f7eff5ee1b71b9a869b9', 'b@c.efg')[0m
  [4;36;1mSQL (1.4ms)[0m   [0;1mCOMMIT[0m
Redirected to http://localhost:3000/
Completed in 90ms (DB: 6) | 302 Found [http://localhost/users]
  [4;35;1mSQL (0.1ms)[0m   [0mSET NAMES 'utf8'[0m
  [4;36;1mSQL (0.1ms)[0m   [0;1mSET SQL_AUTO_IS_NULL=0[0m


Processing UsersController#new (for 127.0.0.1 at 2010-01-23 19:23:46) [GET]
  Parameters: {"action"=>"new", "controller"=>"users"}
  [4;35;1mUser Columns (1.6ms)[0m   [0mSHOW FIELDS FROM `users`[0m
Rendering template within layouts/application
Rendering users/new
Rendered users/_form (18.6ms)
Completed in 53ms (View: 22, DB: 2) | 200 OK [http://localhost/]
  [4;36;1mSQL (20.7ms)[0m   [0;1mSET NAMES 'utf8'[0m
  [4;35;1mSQL (0.1ms)[0m   [0mSET SQL_AUTO_IS_NULL=0[0m


Processing UserSessionsController#new (for 127.0.0.1 at 2010-01-23 19:24:36) [GET]
  Parameters: {"action"=>"new", "controller"=>"user_sessions"}
  [4;36;1mUser Columns (1.7ms)[0m   [0;1mSHOW FIELDS FROM `users`[0m
Rendering template within layouts/application
Rendering user_sessions/new
Completed in 65ms (View: 25, DB: 23) | 200 OK [http://localhost/login]
  [4;35;1mSQL (0.1ms)[0m   [0mSET NAMES 'utf8'[0m
  [4;36;1mSQL (0.1ms)[0m   [0;1mSET SQL_AUTO_IS_NULL=0[0m


Processing UserSessionsController#create (for 127.0.0.1 at 2010-01-23 19:24:41) [POST]
  Parameters: {"commit"=>"Submit", "user_session"=>{"username"=>"bryce", "password"=>"[FILTERED]"}, "action"=>"create", "authenticity_token"=>"hqKwSmLGEpg0fFl9JJ+O1ONG74ovHFMVc5W0cXOucWE=", "controller"=>"user_sessions"}
  [4;35;1mUser Columns (1.6ms)[0m   [0mSHOW FIELDS FROM `users`[0m
  [4;36;1mUser Load (0.6ms)[0m   [0;1mSELECT * FROM `users` WHERE (LOWER(`users`.username) = 'bryce') LIMIT 1[0m
Redirected to http://localhost:3000/
Completed in 55ms (DB: 2) | 302 Found [http://localhost/user_sessions]
  [4;35;1mSQL (0.1ms)[0m   [0mSET NAMES 'utf8'[0m
  [4;36;1mSQL (0.1ms)[0m   [0;1mSET SQL_AUTO_IS_NULL=0[0m


Processing UsersController#new (for 127.0.0.1 at 2010-01-23 19:24:41) [GET]
  Parameters: {"action"=>"new", "controller"=>"users"}
  [4;35;1mUser Columns (1.5ms)[0m   [0mSHOW FIELDS FROM `users`[0m
Rendering template within layouts/application
Rendering users/new
Rendered users/_form (19.4ms)
Completed in 56ms (View: 23, DB: 2) | 200 OK [http://localhost/]
  [4;36;1mSQL (0.2ms)[0m   [0;1mSET NAMES 'utf8'[0m
  [4;35;1mSQL (2.7ms)[0m   [0mSET SQL_AUTO_IS_NULL=0[0m


Processing UsersController#create (for 127.0.0.1 at 2010-01-23 19:30:32) [POST]
  Parameters: {"commit"=>"Submit", "action"=>"create", "authenticity_token"=>"hqKwSmLGEpg0fFl9JJ+O1ONG74ovHFMVc5W0cXOucWE=", "controller"=>"users", "user"=>{"password_confirmation"=>"[FILTERED]", "username"=>"bryce", "password"=>"[FILTERED]", "email"=>"hello@goodbye2.com"}}
  [4;36;1mUser Columns (1.5ms)[0m   [0;1mSHOW FIELDS FROM `users`[0m
  [4;35;1mSQL (0.2ms)[0m   [0mBEGIN[0m
  [4;36;1mUser Load (0.5ms)[0m   [0;1mSELECT `users`.id FROM `users` WHERE (LOWER(`users`.`email`) = BINARY 'hello@goodbye2.com') LIMIT 1[0m
  [4;35;1mUser Load (0.3ms)[0m   [0mSELECT `users`.id FROM `users` WHERE (LOWER(`users`.`username`) = BINARY 'bryce') LIMIT 1[0m
  [4;36;1mUser Load (0.3ms)[0m   [0;1mSELECT `users`.id FROM `users` WHERE (`users`.`persistence_token` = BINARY '660ff8f405ba9d2c8c69f46dfe84ff05b4b7046bba6b4aa209adec471f0fc66d605b4b027ac10f4c8a2be4e9157093a0eb8f1aa63867491bef582e55752b56d6') LIMIT 1[0m
  [4;35;1mSQL (0.1ms)[0m   [0mROLLBACK[0m
Rendering template within layouts/application
Rendering users/new
Rendered users/_form (26.7ms)
Rendered layouts/_flashes (2.5ms)
Completed in 107ms (View: 53, DB: 6) | 200 OK [http://localhost/users]
  [4;36;1mSQL (0.1ms)[0m   [0;1mSET NAMES 'utf8'[0m
  [4;35;1mSQL (0.1ms)[0m   [0mSET SQL_AUTO_IS_NULL=0[0m


Processing UserSessionsController#new (for 127.0.0.1 at 2010-01-23 19:31:26) [GET]
  Parameters: {"action"=>"new", "controller"=>"user_sessions"}
  [4;36;1mUser Columns (1.8ms)[0m   [0;1mSHOW FIELDS FROM `users`[0m
Rendering template within layouts/application
Rendering user_sessions/new
Rendered layouts/_flashes (0.3ms)
Completed in 55ms (View: 15, DB: 2) | 200 OK [http://localhost/login]
  [4;35;1mSQL (0.1ms)[0m   [0mSET NAMES 'utf8'[0m
  [4;36;1mSQL (0.1ms)[0m   [0;1mSET SQL_AUTO_IS_NULL=0[0m


Processing UserSessionsController#create (for 127.0.0.1 at 2010-01-23 19:31:31) [POST]
  Parameters: {"commit"=>"Submit", "user_session"=>{"username"=>"bryce", "password"=>"[FILTERED]"}, "action"=>"create", "authenticity_token"=>"hqKwSmLGEpg0fFl9JJ+O1ONG74ovHFMVc5W0cXOucWE=", "controller"=>"user_sessions"}
  [4;35;1mUser Columns (1.6ms)[0m   [0mSHOW FIELDS FROM `users`[0m
  [4;36;1mUser Load (0.2ms)[0m   [0;1mSELECT * FROM `users` WHERE (LOWER(`users`.username) = 'bryce') LIMIT 1[0m
Redirected to http://localhost:3000/
Completed in 55ms (DB: 2) | 302 Found [http://localhost/user_sessions]
  [4;35;1mSQL (0.1ms)[0m   [0mSET NAMES 'utf8'[0m
  [4;36;1mSQL (0.1ms)[0m   [0;1mSET SQL_AUTO_IS_NULL=0[0m


Processing UsersController#new (for 127.0.0.1 at 2010-01-23 19:31:31) [GET]
  Parameters: {"action"=>"new", "controller"=>"users"}
  [4;35;1mUser Columns (1.6ms)[0m   [0mSHOW FIELDS FROM `users`[0m
Rendering template within layouts/application
Rendering users/new
Rendered users/_form (18.5ms)
Rendered layouts/_flashes (0.4ms)
Completed in 55ms (View: 23, DB: 2) | 200 OK [http://localhost/]
  [4;36;1mSQL (0.1ms)[0m   [0;1mSET NAMES 'utf8'[0m
  [4;35;1mSQL (0.1ms)[0m   [0mSET SQL_AUTO_IS_NULL=0[0m


Processing UsersController#new (for 127.0.0.1 at 2010-01-23 19:35:03) [GET]
  Parameters: {"action"=>"new", "controller"=>"users"}
  [4;36;1mUser Columns (1.6ms)[0m   [0;1mSHOW FIELDS FROM `users`[0m
Rendering template within layouts/application
Rendering users/new
Rendered users/_form (18.8ms)
Rendered layouts/_flashes (0.4ms)
  [4;35;1mUser Load (0.6ms)[0m   [0mSELECT * FROM `users` WHERE (`users`.`id` = '13') LIMIT 1[0m
Rendered users/_nav (153.2ms)
Completed in 228ms (View: 197, DB: 2) | 200 OK [http://localhost/]
  [4;36;1mSQL (0.1ms)[0m   [0;1mSET NAMES 'utf8'[0m
  [4;35;1mSQL (0.1ms)[0m   [0mSET SQL_AUTO_IS_NULL=0[0m


Processing UsersController#new (for 127.0.0.1 at 2010-01-23 19:35:19) [GET]
  Parameters: {"action"=>"new", "controller"=>"users"}
  [4;36;1mUser Columns (1.6ms)[0m   [0;1mSHOW FIELDS FROM `users`[0m
Rendering template within layouts/application
Rendering users/new
Rendered users/_form (22.8ms)
Rendered layouts/_flashes (0.3ms)
  [4;35;1mUser Load (0.2ms)[0m   [0mSELECT * FROM `users` WHERE (`users`.`id` = '13') LIMIT 1[0m
Rendered users/_nav (20.0ms)
Completed in 91ms (View: 58, DB: 2) | 200 OK [http://localhost/]
  [4;36;1mSQL (0.1ms)[0m   [0;1mSET NAMES 'utf8'[0m
  [4;35;1mSQL (0.1ms)[0m   [0mSET SQL_AUTO_IS_NULL=0[0m


Processing UserSessionsController#destroy (for 127.0.0.1 at 2010-01-23 19:35:23) [GET]
  Parameters: {"action"=>"destroy", "controller"=>"user_sessions"}
  [4;36;1mUser Columns (1.7ms)[0m   [0;1mSHOW FIELDS FROM `users`[0m
  [4;35;1mUser Load (0.2ms)[0m   [0mSELECT * FROM `users` WHERE (`users`.`id` = '13') LIMIT 1[0m
Redirected to http://localhost:3000/
Completed in 55ms (DB: 2) | 302 Found [http://localhost/logout]
  [4;36;1mSQL (0.1ms)[0m   [0;1mSET NAMES 'utf8'[0m
  [4;35;1mSQL (0.1ms)[0m   [0mSET SQL_AUTO_IS_NULL=0[0m


Processing UsersController#new (for 127.0.0.1 at 2010-01-23 19:35:23) [GET]
  Parameters: {"action"=>"new", "controller"=>"users"}
  [4;36;1mUser Columns (1.6ms)[0m   [0;1mSHOW FIELDS FROM `users`[0m
Rendering template within layouts/application
Rendering users/new
Rendered users/_form (18.1ms)
Rendered layouts/_flashes (0.4ms)
Rendered users/_nav (12.9ms)
Completed in 69ms (View: 36, DB: 2) | 200 OK [http://localhost/]
  [4;35;1mSQL (0.1ms)[0m   [0mSET NAMES 'utf8'[0m
  [4;36;1mSQL (0.1ms)[0m   [0;1mSET SQL_AUTO_IS_NULL=0[0m


Processing UserSessionsController#new (for 127.0.0.1 at 2010-01-23 19:35:37) [GET]
  Parameters: {"action"=>"new", "controller"=>"user_sessions"}
  [4;35;1mUser Columns (1.6ms)[0m   [0mSHOW FIELDS FROM `users`[0m
Rendering template within layouts/application
Rendering user_sessions/new
Rendered layouts/_flashes (0.3ms)
Rendered users/_nav (3.5ms)
Completed in 58ms (View: 18, DB: 2) | 200 OK [http://localhost/login]
  [4;36;1mSQL (0.1ms)[0m   [0;1mSET NAMES 'utf8'[0m
  [4;35;1mSQL (0.1ms)[0m   [0mSET SQL_AUTO_IS_NULL=0[0m


Processing UserSessionsController#new (for 127.0.0.1 at 2010-01-23 19:35:52) [GET]
  Parameters: {"action"=>"new", "controller"=>"user_sessions"}
  [4;36;1mUser Columns (1.7ms)[0m   [0;1mSHOW FIELDS FROM `users`[0m
Rendering template within layouts/application
Rendering user_sessions/new
Rendered layouts/_flashes (0.3ms)
Rendered users/_nav (3.9ms)
Completed in 69ms (View: 30, DB: 2) | 200 OK [http://localhost/login]
  [4;35;1mSQL (0.1ms)[0m   [0mSET NAMES 'utf8'[0m
  [4;36;1mSQL (0.1ms)[0m   [0;1mSET SQL_AUTO_IS_NULL=0[0m


Processing UserSessionsController#new (for 127.0.0.1 at 2010-01-23 19:54:25) [GET]
  Parameters: {"action"=>"new", "controller"=>"user_sessions"}
  [4;35;1mUser Columns (1.7ms)[0m   [0mSHOW FIELDS FROM `users`[0m
Rendering template within layouts/application
Rendering user_sessions/new

ActionView::TemplateError (No expansion found for :screen) on line #4 of app/views/layouts/application.html.erb:
1: <!DOCTYPE html PUBLIC "-//W3C//DTD XHTML 1.0 Strict//EN" "http://www.w3.org/TR/xhtml1/DTD/xhtml1-strict.dtd">
2: <html>
3:   <head>
4:     <%= stylesheet_link_tag :screen, :print %>
5:     <link href="/stylesheets/screen.css" media="screen, projection" rel="stylesheet" type="text/css" />
6:     <link href="/stylesheets/print.css" media="print" rel="stylesheet" type="text/css" />
7:     <!--[if IE]>

    app/views/layouts/application.html.erb:4

Rendered rescues/_trace (187.2ms)
Rendered rescues/_request_and_response (4.5ms)
Rendering rescues/layout (internal_server_error)
  [4;36;1mSQL (0.1ms)[0m   [0;1mSET NAMES 'utf8'[0m
  [4;35;1mSQL (0.1ms)[0m   [0mSET SQL_AUTO_IS_NULL=0[0m


Processing UserSessionsController#new (for 127.0.0.1 at 2010-01-23 19:54:50) [GET]
  Parameters: {"action"=>"new", "controller"=>"user_sessions"}
  [4;36;1mUser Columns (1.8ms)[0m   [0;1mSHOW FIELDS FROM `users`[0m
Rendering template within layouts/application
Rendering user_sessions/new
Rendered layouts/_flashes (0.4ms)
Rendered users/_nav (3.7ms)
Completed in 73ms (View: 30, DB: 2) | 200 OK [http://localhost/login]
  [4;35;1mSQL (0.1ms)[0m   [0mSET NAMES 'utf8'[0m
  [4;36;1mSQL (0.1ms)[0m   [0;1mSET SQL_AUTO_IS_NULL=0[0m


Processing UserSessionsController#new (for 127.0.0.1 at 2010-01-23 19:58:17) [GET]
  Parameters: {"action"=>"new", "controller"=>"user_sessions"}
  [4;35;1mUser Columns (1.6ms)[0m   [0mSHOW FIELDS FROM `users`[0m
Rendering template within layouts/application
Rendering user_sessions/new
Rendered layouts/_flashes (0.3ms)
Rendered users/_nav (3.6ms)
Completed in 72ms (View: 31, DB: 2) | 200 OK [http://localhost/login]
  [4;36;1mSQL (0.2ms)[0m   [0;1mSET NAMES 'utf8'[0m
  [4;35;1mSQL (0.1ms)[0m   [0mSET SQL_AUTO_IS_NULL=0[0m


Processing UserSessionsController#new (for 127.0.0.1 at 2010-01-23 19:59:11) [GET]
  Parameters: {"action"=>"new", "controller"=>"user_sessions"}
  [4;36;1mUser Columns (1.9ms)[0m   [0;1mSHOW FIELDS FROM `users`[0m
Rendering template within layouts/application
Rendering user_sessions/new
Rendered layouts/_flashes (0.3ms)
Rendered users/_nav (3.7ms)
Completed in 201ms (View: 21, DB: 2) | 200 OK [http://localhost/login]
  [4;35;1mSQL (0.1ms)[0m   [0mSET NAMES 'utf8'[0m
  [4;36;1mSQL (0.1ms)[0m   [0;1mSET SQL_AUTO_IS_NULL=0[0m


Processing UserSessionsController#new (for 127.0.0.1 at 2010-01-23 20:00:29) [GET]
  Parameters: {"action"=>"new", "controller"=>"user_sessions"}
  [4;35;1mUser Columns (2.6ms)[0m   [0mSHOW FIELDS FROM `users`[0m
Rendering template within layouts/application
Rendering user_sessions/new
Rendered layouts/_flashes (0.4ms)
Rendered users/_nav (3.8ms)
Completed in 66ms (View: 20, DB: 3) | 200 OK [http://localhost/login]
  [4;36;1mSQL (0.2ms)[0m   [0;1mSET NAMES 'utf8'[0m
  [4;35;1mSQL (1.8ms)[0m   [0mSET SQL_AUTO_IS_NULL=0[0m


Processing UserSessionsController#new (for 127.0.0.1 at 2010-01-23 20:00:54) [GET]
  Parameters: {"action"=>"new", "controller"=>"user_sessions"}
  [4;36;1mUser Columns (1.6ms)[0m   [0;1mSHOW FIELDS FROM `users`[0m
Rendering template within layouts/application
Rendering user_sessions/new
Rendered layouts/_flashes (0.3ms)
Rendered users/_nav (3.5ms)
Completed in 62ms (View: 20, DB: 4) | 200 OK [http://localhost/login]
  [4;35;1mSQL (0.1ms)[0m   [0mSET NAMES 'utf8'[0m
  [4;36;1mSQL (0.1ms)[0m   [0;1mSET SQL_AUTO_IS_NULL=0[0m


Processing UserSessionsController#new (for 127.0.0.1 at 2010-01-23 20:01:46) [GET]
  Parameters: {"action"=>"new", "controller"=>"user_sessions"}
  [4;35;1mUser Columns (2.6ms)[0m   [0mSHOW FIELDS FROM `users`[0m
Rendering template within layouts/application
Rendering user_sessions/new
Rendered layouts/_flashes (0.3ms)
Rendered users/_nav (3.6ms)
Completed in 64ms (View: 22, DB: 3) | 200 OK [http://localhost/login]
  [4;36;1mSQL (0.1ms)[0m   [0;1mSET NAMES 'utf8'[0m
  [4;35;1mSQL (0.1ms)[0m   [0mSET SQL_AUTO_IS_NULL=0[0m


Processing UserSessionsController#new (for 127.0.0.1 at 2010-01-23 20:02:19) [GET]
  Parameters: {"action"=>"new", "controller"=>"user_sessions"}
  [4;36;1mUser Columns (1.6ms)[0m   [0;1mSHOW FIELDS FROM `users`[0m
Rendering template within layouts/application
Rendering user_sessions/new
Rendered layouts/_flashes (0.3ms)
Rendered users/_nav (3.5ms)
Completed in 59ms (View: 19, DB: 2) | 200 OK [http://localhost/login]
  [4;35;1mSQL (0.1ms)[0m   [0mSET NAMES 'utf8'[0m
  [4;36;1mSQL (0.1ms)[0m   [0;1mSET SQL_AUTO_IS_NULL=0[0m


Processing UserSessionsController#new (for 127.0.0.1 at 2010-01-23 20:02:32) [GET]
  Parameters: {"action"=>"new", "controller"=>"user_sessions"}
  [4;35;1mUser Columns (1.6ms)[0m   [0mSHOW FIELDS FROM `users`[0m
Rendering template within layouts/application
Rendering user_sessions/new
Rendered layouts/_flashes (0.3ms)
Rendered users/_nav (3.8ms)
Completed in 59ms (View: 20, DB: 2) | 200 OK [http://localhost/login]
  [4;36;1mSQL (0.2ms)[0m   [0;1mSET NAMES 'utf8'[0m
  [4;35;1mSQL (0.1ms)[0m   [0mSET SQL_AUTO_IS_NULL=0[0m


Processing UserSessionsController#new (for 127.0.0.1 at 2010-01-23 20:02:46) [GET]
  Parameters: {"action"=>"new", "controller"=>"user_sessions"}
  [4;36;1mUser Columns (1.6ms)[0m   [0;1mSHOW FIELDS FROM `users`[0m
Rendering template within layouts/application
Rendering user_sessions/new
Rendered layouts/_flashes (0.3ms)
Rendered users/_nav (3.8ms)
Completed in 59ms (View: 20, DB: 2) | 200 OK [http://localhost/login]
  [4;35;1mSQL (0.1ms)[0m   [0mSET NAMES 'utf8'[0m
  [4;36;1mSQL (0.1ms)[0m   [0;1mSET SQL_AUTO_IS_NULL=0[0m


Processing UserSessionsController#new (for 127.0.0.1 at 2010-01-23 20:03:37) [GET]
  Parameters: {"action"=>"new", "controller"=>"user_sessions"}
  [4;35;1mUser Columns (1.6ms)[0m   [0mSHOW FIELDS FROM `users`[0m
Rendering template within layouts/application
Rendering user_sessions/new
Rendered layouts/_flashes (0.3ms)
Rendered users/_nav (3.8ms)
Completed in 63ms (View: 20, DB: 2) | 200 OK [http://localhost/login]
  [4;36;1mSQL (0.1ms)[0m   [0;1mSET NAMES 'utf8'[0m
  [4;35;1mSQL (0.1ms)[0m   [0mSET SQL_AUTO_IS_NULL=0[0m


Processing UserSessionsController#new (for 127.0.0.1 at 2010-01-23 20:04:16) [GET]
  Parameters: {"action"=>"new", "controller"=>"user_sessions"}
  [4;36;1mUser Columns (1.7ms)[0m   [0;1mSHOW FIELDS FROM `users`[0m
Rendering template within layouts/application
Rendering user_sessions/new
Rendered layouts/_flashes (0.4ms)
Rendered users/_nav (4.1ms)
Completed in 62ms (View: 20, DB: 2) | 200 OK [http://localhost/login]
  [4;35;1mSQL (0.2ms)[0m   [0mSET NAMES 'utf8'[0m
  [4;36;1mSQL (1.9ms)[0m   [0;1mSET SQL_AUTO_IS_NULL=0[0m


Processing UserSessionsController#new (for 127.0.0.1 at 2010-01-23 20:04:25) [GET]
  Parameters: {"action"=>"new", "controller"=>"user_sessions"}
  [4;35;1mUser Columns (1.5ms)[0m   [0mSHOW FIELDS FROM `users`[0m
Rendering template within layouts/application
Rendering user_sessions/new
Rendered layouts/_flashes (0.3ms)
Rendered users/_nav (3.5ms)
Completed in 59ms (View: 20, DB: 4) | 200 OK [http://localhost/login]
  [4;36;1mSQL (0.1ms)[0m   [0;1mSET NAMES 'utf8'[0m
  [4;35;1mSQL (0.1ms)[0m   [0mSET SQL_AUTO_IS_NULL=0[0m


Processing UserSessionsController#new (for 127.0.0.1 at 2010-01-23 20:05:25) [GET]
  Parameters: {"action"=>"new", "controller"=>"user_sessions"}
  [4;36;1mUser Columns (1.6ms)[0m   [0;1mSHOW FIELDS FROM `users`[0m
Rendering template within layouts/application
Rendering user_sessions/new
Rendered layouts/_flashes (0.3ms)
Rendered users/_nav (3.5ms)
Completed in 59ms (View: 19, DB: 2) | 200 OK [http://localhost/login]
  [4;35;1mSQL (0.1ms)[0m   [0mSET NAMES 'utf8'[0m
  [4;36;1mSQL (0.2ms)[0m   [0;1mSET SQL_AUTO_IS_NULL=0[0m


Processing UserSessionsController#new (for 127.0.0.1 at 2010-01-23 20:07:35) [GET]
  Parameters: {"action"=>"new", "controller"=>"user_sessions"}
  [4;35;1mUser Columns (1.7ms)[0m   [0mSHOW FIELDS FROM `users`[0m
Rendering template within layouts/application
Rendering user_sessions/new
Rendered layouts/_flashes (0.4ms)
Rendered users/_nav (3.6ms)
Completed in 60ms (View: 20, DB: 2) | 200 OK [http://localhost/login]
  [4;36;1mSQL (0.1ms)[0m   [0;1mSET NAMES 'utf8'[0m
  [4;35;1mSQL (0.1ms)[0m   [0mSET SQL_AUTO_IS_NULL=0[0m


Processing UserSessionsController#new (for 127.0.0.1 at 2010-01-23 20:07:58) [GET]
  Parameters: {"action"=>"new", "controller"=>"user_sessions"}
  [4;36;1mUser Columns (1.8ms)[0m   [0;1mSHOW FIELDS FROM `users`[0m
Rendering template within layouts/application
Rendering user_sessions/new
Rendered layouts/_flashes (0.3ms)
Rendered users/_nav (4.0ms)
Completed in 59ms (View: 20, DB: 2) | 200 OK [http://localhost/login]
  [4;35;1mSQL (0.1ms)[0m   [0mSET NAMES 'utf8'[0m
  [4;36;1mSQL (0.1ms)[0m   [0;1mSET SQL_AUTO_IS_NULL=0[0m


Processing UserSessionsController#new (for 127.0.0.1 at 2010-01-23 20:08:13) [GET]
  Parameters: {"action"=>"new", "controller"=>"user_sessions"}
  [4;35;1mUser Columns (1.8ms)[0m   [0mSHOW FIELDS FROM `users`[0m
Rendering template within layouts/application
Rendering user_sessions/new
Rendered layouts/_flashes (0.4ms)
Rendered users/_nav (3.9ms)
Completed in 63ms (View: 21, DB: 2) | 200 OK [http://localhost/login]
  [4;36;1mSQL (19.2ms)[0m   [0;1mSET NAMES 'utf8'[0m
  [4;35;1mSQL (1.9ms)[0m   [0mSET SQL_AUTO_IS_NULL=0[0m


Processing UserSessionsController#new (for 127.0.0.1 at 2010-01-23 20:08:36) [GET]
  Parameters: {"action"=>"new", "controller"=>"user_sessions"}
  [4;36;1mUser Columns (1.6ms)[0m   [0;1mSHOW FIELDS FROM `users`[0m
Rendering template within layouts/application
Rendering user_sessions/new
Rendered layouts/_flashes (0.4ms)
Rendered users/_nav (4.2ms)
Completed in 62ms (View: 21, DB: 23) | 200 OK [http://localhost/login]
  [4;35;1mSQL (0.1ms)[0m   [0mSET NAMES 'utf8'[0m
  [4;36;1mSQL (0.1ms)[0m   [0;1mSET SQL_AUTO_IS_NULL=0[0m


Processing UserSessionsController#new (for 127.0.0.1 at 2010-01-23 20:09:13) [GET]
  Parameters: {"action"=>"new", "controller"=>"user_sessions"}
  [4;35;1mUser Columns (1.6ms)[0m   [0mSHOW FIELDS FROM `users`[0m
Rendering template within layouts/application
Rendering user_sessions/new
Rendered layouts/_flashes (0.3ms)
Rendered users/_nav (3.5ms)
Completed in 59ms (View: 19, DB: 2) | 200 OK [http://localhost/login]
  [4;36;1mSQL (0.2ms)[0m   [0;1mSET NAMES 'utf8'[0m
  [4;35;1mSQL (0.1ms)[0m   [0mSET SQL_AUTO_IS_NULL=0[0m


Processing UserSessionsController#new (for 127.0.0.1 at 2010-01-23 20:09:24) [GET]
  Parameters: {"action"=>"new", "controller"=>"user_sessions"}
  [4;36;1mUser Columns (1.7ms)[0m   [0;1mSHOW FIELDS FROM `users`[0m
Rendering template within layouts/application
Rendering user_sessions/new
Rendered layouts/_flashes (0.3ms)
Rendered users/_nav (3.9ms)
Completed in 59ms (View: 20, DB: 2) | 200 OK [http://localhost/login]
  [4;35;1mSQL (0.1ms)[0m   [0mSET NAMES 'utf8'[0m
  [4;36;1mSQL (0.1ms)[0m   [0;1mSET SQL_AUTO_IS_NULL=0[0m


Processing UserSessionsController#create (for 127.0.0.1 at 2010-01-23 20:09:56) [POST]
  Parameters: {"commit"=>"Submit", "user_session"=>{"username"=>"bryce", "password"=>"[FILTERED]"}, "action"=>"create", "authenticity_token"=>"hqKwSmLGEpg0fFl9JJ+O1ONG74ovHFMVc5W0cXOucWE=", "controller"=>"user_sessions"}
  [4;35;1mUser Columns (2.5ms)[0m   [0mSHOW FIELDS FROM `users`[0m
  [4;36;1mUser Load (0.2ms)[0m   [0;1mSELECT * FROM `users` WHERE (LOWER(`users`.username) = 'bryce') LIMIT 1[0m
Redirected to http://localhost:3000/
Completed in 57ms (DB: 3) | 302 Found [http://localhost/user_sessions]
  [4;35;1mSQL (0.1ms)[0m   [0mSET NAMES 'utf8'[0m
  [4;36;1mSQL (0.1ms)[0m   [0;1mSET SQL_AUTO_IS_NULL=0[0m


Processing UsersController#new (for 127.0.0.1 at 2010-01-23 20:09:56) [GET]
  Parameters: {"action"=>"new", "controller"=>"users"}
  [4;35;1mUser Columns (1.6ms)[0m   [0mSHOW FIELDS FROM `users`[0m
Rendering template within layouts/application
Rendering users/new
Rendered users/_form (17.6ms)
Rendered layouts/_flashes (0.4ms)
  [4;36;1mUser Load (0.2ms)[0m   [0;1mSELECT * FROM `users` WHERE (`users`.`id` = '13') LIMIT 1[0m
Rendered users/_nav (19.3ms)
Completed in 75ms (View: 43, DB: 2) | 200 OK [http://localhost/]
  [4;35;1mSQL (0.1ms)[0m   [0mSET NAMES 'utf8'[0m
  [4;36;1mSQL (0.4ms)[0m   [0;1mSET SQL_AUTO_IS_NULL=0[0m


Processing UsersController#new (for 127.0.0.1 at 2010-01-23 20:11:12) [GET]
  Parameters: {"action"=>"new", "controller"=>"users"}
  [4;35;1mUser Columns (1.7ms)[0m   [0mSHOW FIELDS FROM `users`[0m
Rendering template within layouts/application
Rendering users/new
Rendered users/_form (18.9ms)
Rendered layouts/_flashes (0.4ms)
  [4;36;1mUser Load (0.2ms)[0m   [0;1mSELECT * FROM `users` WHERE (`users`.`id` = '13') LIMIT 1[0m
Rendered users/_nav (20.7ms)
Completed in 207ms (View: 46, DB: 2) | 200 OK [http://localhost/]
  [4;35;1mSQL (0.1ms)[0m   [0mSET NAMES 'utf8'[0m
  [4;36;1mSQL (0.1ms)[0m   [0;1mSET SQL_AUTO_IS_NULL=0[0m


Processing UsersController#new (for 127.0.0.1 at 2010-01-23 20:11:39) [GET]
  Parameters: {"action"=>"new", "controller"=>"users"}
  [4;35;1mUser Columns (1.6ms)[0m   [0mSHOW FIELDS FROM `users`[0m
Rendering template within layouts/application
Rendering users/new
Rendered users/_form (18.5ms)
Rendered layouts/_flashes (0.4ms)
  [4;36;1mUser Load (0.3ms)[0m   [0;1mSELECT * FROM `users` WHERE (`users`.`id` = '13') LIMIT 1[0m
Rendered users/_nav (19.9ms)
Completed in 148ms (View: 80, DB: 2) | 200 OK [http://localhost/]
  [4;35;1mSQL (2.3ms)[0m   [0mSET NAMES 'utf8'[0m
  [4;36;1mSQL (13.1ms)[0m   [0;1mSET SQL_AUTO_IS_NULL=0[0m


Processing UsersController#new (for 127.0.0.1 at 2010-01-23 20:12:34) [GET]
  Parameters: {"action"=>"new", "controller"=>"users"}
  [4;35;1mUser Columns (1.6ms)[0m   [0mSHOW FIELDS FROM `users`[0m
Rendering template within layouts/application
Rendering users/new
Rendered users/_form (26.9ms)
Rendered layouts/_flashes (2.6ms)
  [4;36;1mUser Load (0.2ms)[0m   [0;1mSELECT * FROM `users` WHERE (`users`.`id` = '13') LIMIT 1[0m
Rendered users/_nav (20.1ms)
Completed in 103ms (View: 65, DB: 17) | 200 OK [http://localhost/]
  [4;35;1mSQL (0.1ms)[0m   [0mSET NAMES 'utf8'[0m
  [4;36;1mSQL (0.1ms)[0m   [0;1mSET SQL_AUTO_IS_NULL=0[0m


Processing UserSessionsController#destroy (for 127.0.0.1 at 2010-01-23 20:12:48) [GET]
  Parameters: {"action"=>"destroy", "controller"=>"user_sessions"}
  [4;35;1mUser Columns (1.6ms)[0m   [0mSHOW FIELDS FROM `users`[0m
  [4;36;1mUser Load (0.2ms)[0m   [0;1mSELECT * FROM `users` WHERE (`users`.`id` = '13') LIMIT 1[0m
Redirected to http://localhost:3000/
Completed in 54ms (DB: 2) | 302 Found [http://localhost/logout]
  [4;35;1mSQL (0.1ms)[0m   [0mSET NAMES 'utf8'[0m
  [4;36;1mSQL (0.1ms)[0m   [0;1mSET SQL_AUTO_IS_NULL=0[0m


Processing UsersController#new (for 127.0.0.1 at 2010-01-23 20:12:48) [GET]
  Parameters: {"action"=>"new", "controller"=>"users"}
  [4;35;1mUser Columns (1.6ms)[0m   [0mSHOW FIELDS FROM `users`[0m
Rendering template within layouts/application
Rendering users/new
Rendered users/_form (17.5ms)
Rendered layouts/_flashes (0.5ms)
Rendered users/_nav (12.6ms)
Completed in 68ms (View: 37, DB: 2) | 200 OK [http://localhost/]
  [4;36;1mSQL (0.1ms)[0m   [0;1mSET NAMES 'utf8'[0m
  [4;35;1mSQL (0.1ms)[0m   [0mSET SQL_AUTO_IS_NULL=0[0m


Processing UsersController#create (for 127.0.0.1 at 2010-01-23 20:13:33) [POST]
  Parameters: {"commit"=>"Submit", "action"=>"create", "authenticity_token"=>"hqKwSmLGEpg0fFl9JJ+O1ONG74ovHFMVc5W0cXOucWE=", "controller"=>"users", "user"=>{"password_confirmation"=>"[FILTERED]", "username"=>"bryce2", "password"=>"[FILTERED]", "email"=>"br@yce.com"}}
  [4;36;1mUser Columns (1.6ms)[0m   [0;1mSHOW FIELDS FROM `users`[0m
  [4;35;1mSQL (0.2ms)[0m   [0mBEGIN[0m
  [4;36;1mUser Load (0.5ms)[0m   [0;1mSELECT `users`.id FROM `users` WHERE (LOWER(`users`.`email`) = BINARY 'br@yce.com') LIMIT 1[0m
  [4;35;1mUser Load (0.3ms)[0m   [0mSELECT `users`.id FROM `users` WHERE (LOWER(`users`.`username`) = BINARY 'bryce2') LIMIT 1[0m
  [4;36;1mUser Load (0.3ms)[0m   [0;1mSELECT `users`.id FROM `users` WHERE (`users`.`persistence_token` = BINARY '7aa81d4a34cdfc7e934d53eb9cd176b98f46df954ff940a5626c1d4e307797df376d62a0132a5269418945d5d85868b0f68147a12ce99066e23fd381ef7393b7') LIMIT 1[0m
  [4;35;1mUser Create (0.5ms)[0m   [0mINSERT INTO `users` (`created_at`, `crypted_password`, `updated_at`, `username`, `password_salt`, `persistence_token`, `email`) VALUES('2010-01-24 03:13:33', 'c51c46621c99d08e5cc13bb36a2d8693900bea4198bdf1edfd23f5f2ee9afc12758e9f66bf141918c5c8a1f11e6f4a08b11b6e33dacdb3e77904449ec846cd01', '2010-01-24 03:13:33', 'bryce2', 'mol9Pjz5CPCXFernp0KF', '7aa81d4a34cdfc7e934d53eb9cd176b98f46df954ff940a5626c1d4e307797df376d62a0132a5269418945d5d85868b0f68147a12ce99066e23fd381ef7393b7', 'br@yce.com')[0m
  [4;36;1mSQL (1.4ms)[0m   [0;1mCOMMIT[0m
Redirected to http://localhost:3000/
Completed in 204ms (DB: 5) | 302 Found [http://localhost/users]
  [4;35;1mSQL (0.1ms)[0m   [0mSET NAMES 'utf8'[0m
  [4;36;1mSQL (0.1ms)[0m   [0;1mSET SQL_AUTO_IS_NULL=0[0m


Processing UsersController#new (for 127.0.0.1 at 2010-01-23 20:13:33) [GET]
  Parameters: {"action"=>"new", "controller"=>"users"}
  [4;35;1mUser Columns (1.7ms)[0m   [0mSHOW FIELDS FROM `users`[0m
Rendering template within layouts/application
Rendering users/new
Rendered users/_form (18.7ms)
Rendered layouts/_flashes (0.5ms)
  [4;36;1mUser Load (0.6ms)[0m   [0;1mSELECT * FROM `users` WHERE (`users`.`persistence_token` = '7aa81d4a34cdfc7e934d53eb9cd176b98f46df954ff940a5626c1d4e307797df376d62a0132a5269418945d5d85868b0f68147a12ce99066e23fd381ef7393b7') LIMIT 1[0m
Rendered users/_nav (20.9ms)
Completed in 80ms (View: 46, DB: 3) | 200 OK [http://localhost/]
  [4;35;1mSQL (0.2ms)[0m   [0mSET NAMES 'utf8'[0m
  [4;36;1mSQL (2.8ms)[0m   [0;1mSET SQL_AUTO_IS_NULL=0[0m


Processing UsersController#edit (for 127.0.0.1 at 2010-01-23 20:14:29) [GET]
  Parameters: {"action"=>"edit", "id"=>"current", "controller"=>"users"}
  [4;35;1mUser Columns (1.4ms)[0m   [0mSHOW FIELDS FROM `users`[0m
  [4;36;1mUser Load (0.2ms)[0m   [0;1mSELECT * FROM `users` WHERE (`users`.`persistence_token` = '7aa81d4a34cdfc7e934d53eb9cd176b98f46df954ff940a5626c1d4e307797df376d62a0132a5269418945d5d85868b0f68147a12ce99066e23fd381ef7393b7') LIMIT 1[0m
Rendering template within layouts/application
Rendering users/edit
Rendered users/_form (14.3ms)
Rendered layouts/_flashes (0.4ms)
Rendered users/_nav (1.8ms)
Completed in 86ms (View: 32, DB: 5) | 200 OK [http://localhost/users/current/edit]
  [4;35;1mSQL (12.0ms)[0m   [0mSET NAMES 'utf8'[0m
  [4;36;1mSQL (13.5ms)[0m   [0;1mSET SQL_AUTO_IS_NULL=0[0m


Processing UsersController#update (for 127.0.0.1 at 2010-01-23 20:14:33) [PUT]
  Parameters: {"commit"=>"Submit", "action"=>"update", "_method"=>"put", "authenticity_token"=>"hqKwSmLGEpg0fFl9JJ+O1ONG74ovHFMVc5W0cXOucWE=", "id"=>"14", "controller"=>"users", "user"=>{"password_confirmation"=>"[FILTERED]", "username"=>"bryce2", "password"=>"[FILTERED]", "email"=>"br@yce.com"}}
  [4;35;1mUser Columns (1.6ms)[0m   [0mSHOW FIELDS FROM `users`[0m
  [4;36;1mUser Load (0.2ms)[0m   [0;1mSELECT * FROM `users` WHERE (`users`.`persistence_token` = '7aa81d4a34cdfc7e934d53eb9cd176b98f46df954ff940a5626c1d4e307797df376d62a0132a5269418945d5d85868b0f68147a12ce99066e23fd381ef7393b7') LIMIT 1[0m
  [4;35;1mSQL (0.1ms)[0m   [0mBEGIN[0m
  [4;36;1mSQL (0.1ms)[0m   [0;1mCOMMIT[0m
Redirected to http://localhost:3000/
Completed in 59ms (DB: 28) | 302 Found [http://localhost/users/14]
  [4;35;1mSQL (0.1ms)[0m   [0mSET NAMES 'utf8'[0m
  [4;36;1mSQL (0.1ms)[0m   [0;1mSET SQL_AUTO_IS_NULL=0[0m


Processing UsersController#new (for 127.0.0.1 at 2010-01-23 20:14:33) [GET]
  Parameters: {"action"=>"new", "controller"=>"users"}
  [4;35;1mUser Columns (1.6ms)[0m   [0mSHOW FIELDS FROM `users`[0m
Rendering template within layouts/application
Rendering users/new
Rendered users/_form (18.4ms)
Rendered layouts/_flashes (0.4ms)
  [4;36;1mUser Load (0.3ms)[0m   [0;1mSELECT * FROM `users` WHERE (`users`.`persistence_token` = '7aa81d4a34cdfc7e934d53eb9cd176b98f46df954ff940a5626c1d4e307797df376d62a0132a5269418945d5d85868b0f68147a12ce99066e23fd381ef7393b7') LIMIT 1[0m
Rendered users/_nav (19.1ms)
Completed in 76ms (View: 44, DB: 2) | 200 OK [http://localhost/]
  [4;35;1mSQL (0.1ms)[0m   [0mSET NAMES 'utf8'[0m
  [4;36;1mSQL (0.1ms)[0m   [0;1mSET SQL_AUTO_IS_NULL=0[0m


Processing UserSessionsController#destroy (for 127.0.0.1 at 2010-01-23 20:14:40) [GET]
  Parameters: {"action"=>"destroy", "controller"=>"user_sessions"}
  [4;35;1mUser Columns (1.6ms)[0m   [0mSHOW FIELDS FROM `users`[0m
  [4;36;1mUser Load (0.2ms)[0m   [0;1mSELECT * FROM `users` WHERE (`users`.`persistence_token` = '7aa81d4a34cdfc7e934d53eb9cd176b98f46df954ff940a5626c1d4e307797df376d62a0132a5269418945d5d85868b0f68147a12ce99066e23fd381ef7393b7') LIMIT 1[0m
Redirected to http://localhost:3000/
Completed in 54ms (DB: 2) | 302 Found [http://localhost/logout]
  [4;35;1mSQL (0.1ms)[0m   [0mSET NAMES 'utf8'[0m
  [4;36;1mSQL (0.1ms)[0m   [0;1mSET SQL_AUTO_IS_NULL=0[0m


Processing UsersController#new (for 127.0.0.1 at 2010-01-23 20:14:40) [GET]
  Parameters: {"action"=>"new", "controller"=>"users"}
  [4;35;1mUser Columns (1.7ms)[0m   [0mSHOW FIELDS FROM `users`[0m
Rendering template within layouts/application
Rendering users/new
Rendered users/_form (18.4ms)
Rendered layouts/_flashes (0.5ms)
Rendered users/_nav (13.7ms)
Completed in 200ms (View: 39, DB: 2) | 200 OK [http://localhost/]
  [4;36;1mSQL (0.1ms)[0m   [0;1mSET NAMES 'utf8'[0m
  [4;35;1mSQL (0.1ms)[0m   [0mSET SQL_AUTO_IS_NULL=0[0m


Processing UserSessionsController#new (for 127.0.0.1 at 2010-01-23 20:14:43) [GET]
  Parameters: {"action"=>"new", "controller"=>"user_sessions"}
  [4;36;1mUser Columns (1.7ms)[0m   [0;1mSHOW FIELDS FROM `users`[0m
Rendering template within layouts/application
Rendering user_sessions/new
Rendered layouts/_flashes (0.4ms)
Rendered users/_nav (4.1ms)
Completed in 91ms (View: 21, DB: 2) | 200 OK [http://localhost/login]
  [4;35;1mSQL (0.2ms)[0m   [0mSET NAMES 'utf8'[0m
  [4;36;1mSQL (0.2ms)[0m   [0;1mSET SQL_AUTO_IS_NULL=0[0m


Processing UserSessionsController#create (for 127.0.0.1 at 2010-01-23 20:14:52) [POST]
  Parameters: {"commit"=>"Submit", "user_session"=>{"username"=>"bryce2", "password"=>"[FILTERED]"}, "action"=>"create", "authenticity_token"=>"hqKwSmLGEpg0fFl9JJ+O1ONG74ovHFMVc5W0cXOucWE=", "controller"=>"user_sessions"}
  [4;35;1mUser Columns (2.9ms)[0m   [0mSHOW FIELDS FROM `users`[0m
  [4;36;1mUser Load (0.6ms)[0m   [0;1mSELECT * FROM `users` WHERE (LOWER(`users`.username) = 'bryce2') LIMIT 1[0m
Redirected to http://localhost:3000/
Completed in 62ms (DB: 4) | 302 Found [http://localhost/user_sessions]
  [4;35;1mSQL (0.1ms)[0m   [0mSET NAMES 'utf8'[0m
  [4;36;1mSQL (0.1ms)[0m   [0;1mSET SQL_AUTO_IS_NULL=0[0m


Processing UsersController#new (for 127.0.0.1 at 2010-01-23 20:14:52) [GET]
  Parameters: {"action"=>"new", "controller"=>"users"}
  [4;35;1mUser Columns (1.6ms)[0m   [0mSHOW FIELDS FROM `users`[0m
Rendering template within layouts/application
Rendering users/new
Rendered users/_form (17.9ms)
Rendered layouts/_flashes (0.5ms)
  [4;36;1mUser Load (0.5ms)[0m   [0;1mSELECT * FROM `users` WHERE (`users`.`id` = '14') LIMIT 1[0m
Rendered users/_nav (19.3ms)
Completed in 75ms (View: 43, DB: 2) | 200 OK [http://localhost/]
